  [1m[36m (79.4ms)[0m  [1mCREATE TABLE "schema_migrations" ("version" varchar NOT NULL) [0m
  [1m[35m (0.1ms)[0m  select sqlite_version(*)
  [1m[36m (66.3ms)[0m  [1mCREATE UNIQUE INDEX "unique_schema_migrations" ON "schema_migrations" ("version")[0m
  [1m[35mActiveRecord::SchemaMigration Load (0.1ms)[0m  SELECT "schema_migrations".* FROM "schema_migrations"
Migrating to CreateRawVegs (20170325164937)
  [1m[36m (0.1ms)[0m  [1mbegin transaction[0m
  [1m[35m (0.3ms)[0m  CREATE TABLE "raw_vegs" ("id" INTEGER PRIMARY KEY AUTOINCREMENT NOT NULL, "name" varchar, "created_at" datetime NOT NULL, "updated_at" datetime NOT NULL) 
  [1m[36mSQL (0.2ms)[0m  [1mINSERT INTO "schema_migrations" ("version") VALUES (?)[0m  [["version", "20170325164937"]]
  [1m[35m (64.1ms)[0m  commit transaction
Migrating to CreateDishes (20170325165043)
  [1m[36m (0.1ms)[0m  [1mbegin transaction[0m
  [1m[35m (0.2ms)[0m  CREATE TABLE "dishes" ("id" INTEGER PRIMARY KEY AUTOINCREMENT NOT NULL, "name" varchar, "time" varchar, "vedio_link" varchar, "image_link" varchar, "created_at" datetime NOT NULL, "updated_at" datetime NOT NULL) 
  [1m[36mSQL (0.1ms)[0m  [1mINSERT INTO "schema_migrations" ("version") VALUES (?)[0m  [["version", "20170325165043"]]
  [1m[35m (77.6ms)[0m  commit transaction
  [1m[36mActiveRecord::SchemaMigration Load (0.1ms)[0m  [1mSELECT "schema_migrations".* FROM "schema_migrations"[0m
  [1m[36mActiveRecord::SchemaMigration Load (0.1ms)[0m  [1mSELECT "schema_migrations".* FROM "schema_migrations"[0m
  [1m[35mActiveRecord::SchemaMigration Load (0.1ms)[0m  SELECT "schema_migrations".* FROM "schema_migrations"
  [1m[36m (0.1ms)[0m  [1mbegin transaction[0m
  [1m[35mSQL (0.3ms)[0m  INSERT INTO "raw_vegs" ("name", "created_at", "updated_at") VALUES (?, ?, ?)  [["name", "tomato"], ["created_at", "2017-03-25 16:55:45.986829"], ["updated_at", "2017-03-25 16:55:45.986829"]]
  [1m[36m (56.5ms)[0m  [1mcommit transaction[0m
  [1m[36mRawVeg Load (1.0ms)[0m  [1mSELECT "raw_vegs".* FROM "raw_vegs"[0m
  [1m[35mDish Load (0.1ms)[0m  SELECT "dishes".* FROM "dishes"
  [1m[36mRawVeg Load (0.2ms)[0m  [1mSELECT  "raw_vegs".* FROM "raw_vegs"  ORDER BY "raw_vegs"."id" ASC LIMIT 1[0m
  [1m[35mRawVeg Load (0.3ms)[0m  SELECT  "raw_vegs".* FROM "raw_vegs"  ORDER BY "raw_vegs"."id" ASC LIMIT 1
  [1m[36mRawVeg Load (0.2ms)[0m  [1mSELECT  "raw_vegs".* FROM "raw_vegs"  ORDER BY "raw_vegs"."id" ASC LIMIT 1[0m
  [1m[35mRawVeg Load (0.2ms)[0m  SELECT  "raw_vegs".* FROM "raw_vegs"  ORDER BY "raw_vegs"."id" ASC LIMIT 1
  [1m[36mActiveRecord::SchemaMigration Load (0.1ms)[0m  [1mSELECT "schema_migrations".* FROM "schema_migrations"[0m
Migrating to AddRawVegIdToDish (20170325170406)
  [1m[35m (0.1ms)[0m  begin transaction
  [1m[36m (0.3ms)[0m  [1mALTER TABLE "dishes" ADD "raw_veg_id" integer[0m
  [1m[35mSQL (0.2ms)[0m  INSERT INTO "schema_migrations" ("version") VALUES (?)  [["version", "20170325170406"]]
  [1m[36m (176.8ms)[0m  [1mcommit transaction[0m
Migrating to AddDishIdToRawVeg (20170325170454)
  [1m[35m (0.1ms)[0m  begin transaction
  [1m[36m (0.3ms)[0m  [1mALTER TABLE "raw_vegs" ADD "dish_id" integer[0m
  [1m[35mSQL (0.1ms)[0m  INSERT INTO "schema_migrations" ("version") VALUES (?)  [["version", "20170325170454"]]
  [1m[36m (48.5ms)[0m  [1mcommit transaction[0m
  [1m[35mActiveRecord::SchemaMigration Load (0.1ms)[0m  SELECT "schema_migrations".* FROM "schema_migrations"
  [1m[36m (0.1ms)[0m  [1mbegin transaction[0m
  [1m[35mSQL (0.3ms)[0m  INSERT INTO "raw_vegs" ("name", "created_at", "updated_at") VALUES (?, ?, ?)  [["name", "mango"], ["created_at", "2017-03-25 17:05:26.690713"], ["updated_at", "2017-03-25 17:05:26.690713"]]
  [1m[36m (645.3ms)[0m  [1mcommit transaction[0m
  [1m[35m (0.1ms)[0m  begin transaction
  [1m[36mSQL (0.2ms)[0m  [1mINSERT INTO "raw_vegs" ("name", "created_at", "updated_at") VALUES (?, ?, ?)[0m  [["name", "apple"], ["created_at", "2017-03-25 17:08:29.977558"], ["updated_at", "2017-03-25 17:08:29.977558"]]
  [1m[35m (327.2ms)[0m  commit transaction
  [1m[36m (0.2ms)[0m  [1mbegin transaction[0m
  [1m[35mSQL (0.4ms)[0m  INSERT INTO "raw_vegs" ("name", "created_at", "updated_at") VALUES (?, ?, ?)  [["name", "appl"], ["created_at", "2017-03-25 17:09:31.652427"], ["updated_at", "2017-03-25 17:09:31.652427"]]
  [1m[36m (78.1ms)[0m  [1mcommit transaction[0m
  [1m[36mActiveRecord::SchemaMigration Load (0.1ms)[0m  [1mSELECT "schema_migrations".* FROM "schema_migrations"[0m
Migrating to JoinTable (20170325171844)
  [1m[35m (0.1ms)[0m  begin transaction
  [1m[36m (0.3ms)[0m  [1mCREATE TABLE "dishes_raw_vegs" ("dish_id" integer NOT NULL, "raw_veg_id" integer NOT NULL) [0m
  [1m[35mSQL (0.2ms)[0m  INSERT INTO "schema_migrations" ("version") VALUES (?)  [["version", "20170325171844"]]
  [1m[36m (101.1ms)[0m  [1mcommit transaction[0m
  [1m[35mActiveRecord::SchemaMigration Load (0.1ms)[0m  SELECT "schema_migrations".* FROM "schema_migrations"
  [1m[36m (0.1ms)[0m  [1mbegin transaction[0m
  [1m[35mSQL (0.4ms)[0m  INSERT INTO "raw_vegs" ("name", "created_at", "updated_at") VALUES (?, ?, ?)  [["name", "bringal"], ["created_at", "2017-03-25 17:23:13.271318"], ["updated_at", "2017-03-25 17:23:13.271318"]]
  [1m[36m (63.7ms)[0m  [1mcommit transaction[0m
  [1m[35m (0.0ms)[0m  begin transaction
  [1m[36mSQL (0.2ms)[0m  [1mINSERT INTO "dishes" ("name", "created_at", "updated_at") VALUES (?, ?, ?)[0m  [["name", "food"], ["created_at", "2017-03-25 17:23:28.965842"], ["updated_at", "2017-03-25 17:23:28.965842"]]
  [1m[35mSQL (0.1ms)[0m  INSERT INTO "dishes_raw_vegs" ("raw_veg_id", "dish_id") VALUES (?, ?)  [["raw_veg_id", 5], ["dish_id", 1]]
  [1m[36m (59.2ms)[0m  [1mcommit transaction[0m
  [1m[35mDish Load (0.2ms)[0m  SELECT "dishes".* FROM "dishes" INNER JOIN "dishes_raw_vegs" ON "dishes"."id" = "dishes_raw_vegs"."dish_id" WHERE "dishes_raw_vegs"."raw_veg_id" = ?  [["raw_veg_id", 5]]
  [1m[36mRawVeg Load (0.2ms)[0m  [1mSELECT "raw_vegs".* FROM "raw_vegs" INNER JOIN "dishes_raw_vegs" ON "raw_vegs"."id" = "dishes_raw_vegs"."raw_veg_id" WHERE "dishes_raw_vegs"."dish_id" = ?[0m  [["dish_id", 1]]
  [1m[36mActiveRecord::SchemaMigration Load (0.1ms)[0m  [1mSELECT "schema_migrations".* FROM "schema_migrations"[0m
Migrating to CreateInfoDishes (20170325173700)
  [1m[35m (0.1ms)[0m  begin transaction
  [1m[36m (0.3ms)[0m  [1mCREATE TABLE "info_dishes" ("id" INTEGER PRIMARY KEY AUTOINCREMENT NOT NULL, "place" varchar, "dish_id" integer, "nutrition" varchar, "description" varchar, "created_at" datetime NOT NULL, "updated_at" datetime NOT NULL) [0m
  [1m[35mSQL (0.2ms)[0m  INSERT INTO "schema_migrations" ("version") VALUES (?)  [["version", "20170325173700"]]
  [1m[36m (99.5ms)[0m  [1mcommit transaction[0m
  [1m[35mActiveRecord::SchemaMigration Load (0.1ms)[0m  SELECT "schema_migrations".* FROM "schema_migrations"
  [1m[36m (0.1ms)[0m  [1mbegin transaction[0m
  [1m[35mSQL (0.3ms)[0m  INSERT INTO "raw_vegs" ("name", "created_at", "updated_at") VALUES (?, ?, ?)  [["name", "carrot"], ["created_at", "2017-03-25 17:41:54.084778"], ["updated_at", "2017-03-25 17:41:54.084778"]]
  [1m[36m (183.7ms)[0m  [1mcommit transaction[0m
  [1m[35m (0.0ms)[0m  begin transaction
  [1m[36mSQL (0.2ms)[0m  [1mINSERT INTO "dishes" ("name", "created_at", "updated_at") VALUES (?, ?, ?)[0m  [["name", "bunny"], ["created_at", "2017-03-25 17:42:14.411239"], ["updated_at", "2017-03-25 17:42:14.411239"]]
  [1m[35mSQL (0.1ms)[0m  INSERT INTO "dishes_raw_vegs" ("raw_veg_id", "dish_id") VALUES (?, ?)  [["raw_veg_id", 6], ["dish_id", 2]]
  [1m[36m (57.6ms)[0m  [1mcommit transaction[0m
  [1m[35mDish Load (0.2ms)[0m  SELECT  "dishes".* FROM "dishes" WHERE "dishes"."name" = ?  ORDER BY "dishes"."id" ASC LIMIT 1  [["name", "bunny"]]
  [1m[36mDish Load (0.4ms)[0m  [1mSELECT "dishes".* FROM "dishes"[0m
  [1m[35mDish Load (0.4ms)[0m  SELECT "dishes".* FROM "dishes" WHERE "dishes"."name" = ?  [["name", "bunny"]]
  [1m[36mDish Load (0.2ms)[0m  [1mSELECT  "dishes".* FROM "dishes" WHERE "dishes"."name" = ?  ORDER BY "dishes"."id" ASC LIMIT 1[0m  [["name", "bunny"]]
  [1m[35mDish Load (0.2ms)[0m  SELECT  "dishes".* FROM "dishes" WHERE "dishes"."name" = ?  ORDER BY "dishes"."id" ASC LIMIT 1  [["name", "bunny"]]
  [1m[36mDish Load (0.1ms)[0m  [1mSELECT  "dishes".* FROM "dishes" WHERE "dishes"."name" = ?  ORDER BY "dishes"."id" ASC LIMIT 1[0m  [["name", "bunny"]]
  [1m[35m (0.1ms)[0m  begin transaction
  [1m[36mSQL (0.3ms)[0m  [1mINSERT INTO "info_dishes" ("place", "dish_id", "created_at", "updated_at") VALUES (?, ?, ?, ?)[0m  [["place", "kolkata"], ["dish_id", 2], ["created_at", "2017-03-25 17:48:09.429594"], ["updated_at", "2017-03-25 17:48:09.429594"]]
  [1m[35m (59.6ms)[0m  commit transaction
  [1m[36mInfoDish Load (0.2ms)[0m  [1mSELECT  "info_dishes".* FROM "info_dishes" WHERE "info_dishes"."dish_id" = ? LIMIT 1[0m  [["dish_id", 2]]
  [1m[35mInfoDish Load (0.2ms)[0m  SELECT  "info_dishes".* FROM "info_dishes"  ORDER BY "info_dishes"."id" ASC LIMIT 1
  [1m[36mDish Load (0.1ms)[0m  [1mSELECT  "dishes".* FROM "dishes" WHERE "dishes"."id" = ? LIMIT 1[0m  [["id", 2]]
  [1m[35mRawVeg Load (0.2ms)[0m  SELECT "raw_vegs".* FROM "raw_vegs"
  [1m[36mRawVeg Load (0.2ms)[0m  [1mSELECT  "raw_vegs".* FROM "raw_vegs" WHERE "raw_vegs"."id" = ? LIMIT 1[0m  [["id", 6]]
  [1m[35mRawVeg Load (0.1ms)[0m  SELECT  "raw_vegs".* FROM "raw_vegs" WHERE "raw_vegs"."id" = ? LIMIT 1  [["id", 6]]
  [1m[36mDish Load (0.2ms)[0m  [1mSELECT "dishes".* FROM "dishes" INNER JOIN "dishes_raw_vegs" ON "dishes"."id" = "dishes_raw_vegs"."dish_id" WHERE "dishes_raw_vegs"."raw_veg_id" = ?[0m  [["raw_veg_id", 6]]
  [1m[35m (0.1ms)[0m  begin transaction
  [1m[36mSQL (0.2ms)[0m  [1mINSERT INTO "raw_vegs" ("name", "created_at", "updated_at") VALUES (?, ?, ?)[0m  [["name", "raddish"], ["created_at", "2017-03-25 18:09:10.979902"], ["updated_at", "2017-03-25 18:09:10.979902"]]
  [1m[35m (483.2ms)[0m  commit transaction
  [1m[36mDish Load (0.1ms)[0m  [1mSELECT "dishes".* FROM "dishes" INNER JOIN "dishes_raw_vegs" ON "dishes"."id" = "dishes_raw_vegs"."dish_id" WHERE "dishes_raw_vegs"."raw_veg_id" = ?[0m  [["raw_veg_id", 7]]
  [1m[36m (0.1ms)[0m  [1mbegin transaction[0m
  [1m[35mSQL (18.1ms)[0m  INSERT INTO "raw_vegs" ("name", "created_at", "updated_at") VALUES (?, ?, ?)  [["name", "ladyfinger"], ["created_at", "2017-03-26 06:52:01.385592"], ["updated_at", "2017-03-26 06:52:01.385592"]]
  [1m[36m (50.0ms)[0m  [1mcommit transaction[0m
  [1m[35m (0.0ms)[0m  begin transaction
  [1m[36mSQL (0.2ms)[0m  [1mINSERT INTO "dishes" ("name", "created_at", "updated_at") VALUES (?, ?, ?)[0m  [["name", "sabzi"], ["created_at", "2017-03-26 06:52:13.627698"], ["updated_at", "2017-03-26 06:52:13.627698"]]
  [1m[35mSQL (0.1ms)[0m  INSERT INTO "dishes_raw_vegs" ("raw_veg_id", "dish_id") VALUES (?, ?)  [["raw_veg_id", 8], ["dish_id", 3]]
  [1m[36m (73.3ms)[0m  [1mcommit transaction[0m
  [1m[35mDish Load (0.2ms)[0m  SELECT "dishes".* FROM "dishes" INNER JOIN "dishes_raw_vegs" ON "dishes"."id" = "dishes_raw_vegs"."dish_id" WHERE "dishes_raw_vegs"."raw_veg_id" = ?  [["raw_veg_id", 8]]
  [1m[36m (0.2ms)[0m  [1mbegin transaction[0m
  [1m[35mSQL (0.4ms)[0m  INSERT INTO "raw_vegs" ("name", "created_at", "updated_at") VALUES (?, ?, ?)  [["name", "raddish"], ["created_at", "2017-03-26 06:52:34.701595"], ["updated_at", "2017-03-26 06:52:34.701595"]]
  [1m[36m (90.2ms)[0m  [1mcommit transaction[0m
  [1m[35mDish Load (0.2ms)[0m  SELECT  "dishes".* FROM "dishes"  ORDER BY "dishes"."id" DESC LIMIT 1
  [1m[36m (0.1ms)[0m  [1mbegin transaction[0m
  [1m[35mSQL (0.1ms)[0m  INSERT INTO "dishes_raw_vegs" ("raw_veg_id", "dish_id") VALUES (?, ?)  [["raw_veg_id", 9], ["dish_id", 3]]
  [1m[36m (75.7ms)[0m  [1mcommit transaction[0m
  [1m[35mDish Load (0.1ms)[0m  SELECT "dishes".* FROM "dishes" INNER JOIN "dishes_raw_vegs" ON "dishes"."id" = "dishes_raw_vegs"."dish_id" WHERE "dishes_raw_vegs"."raw_veg_id" = ?  [["raw_veg_id", 9]]
  [1m[36m (0.1ms)[0m  [1mbegin transaction[0m
  [1m[35mSQL (18.1ms)[0m  INSERT INTO "raw_vegs" ("name", "created_at", "updated_at") VALUES (?, ?, ?)  [["name", "rattan"], ["created_at", "2017-03-26 09:53:36.098560"], ["updated_at", "2017-03-26 09:53:36.098560"]]
  [1m[36m (61.1ms)[0m  [1mcommit transaction[0m
  [1m[35m (0.1ms)[0m  begin transaction
  [1m[36mSQL (0.3ms)[0m  [1mINSERT INTO "dishes" ("name", "created_at", "updated_at") VALUES (?, ?, ?)[0m  [["name", "pajji"], ["created_at", "2017-03-26 09:53:56.163398"], ["updated_at", "2017-03-26 09:53:56.163398"]]
  [1m[35mSQL (0.1ms)[0m  INSERT INTO "dishes_raw_vegs" ("raw_veg_id", "dish_id") VALUES (?, ?)  [["raw_veg_id", 10], ["dish_id", 4]]
  [1m[36m (63.4ms)[0m  [1mcommit transaction[0m
  [1m[35mDish Load (0.2ms)[0m  SELECT "dishes".* FROM "dishes"
  [1m[36mDish Load (0.2ms)[0m  [1mSELECT  "dishes".* FROM "dishes" WHERE "dishes"."name" = ?  ORDER BY "dishes"."id" ASC LIMIT 1[0m  [["name", "pajji"]]
  [1m[35mDish Load (0.2ms)[0m  SELECT  "dishes".* FROM "dishes" WHERE "dishes"."name" = ?  ORDER BY "dishes"."id" ASC LIMIT 1  [["name", "pajji"]]
  [1m[36mRawVeg Load (0.2ms)[0m  [1mSELECT "raw_vegs".* FROM "raw_vegs" INNER JOIN "dishes_raw_vegs" ON "raw_vegs"."id" = "dishes_raw_vegs"."raw_veg_id" WHERE "dishes_raw_vegs"."dish_id" = ?[0m  [["dish_id", 4]]
  [1m[35mDish Load (0.2ms)[0m  SELECT  "dishes".* FROM "dishes" WHERE "dishes"."name" = ?  ORDER BY "dishes"."id" ASC LIMIT 1  [["name", "pajji"]]
  [1m[36mSQL (66.8ms)[0m  [1mDELETE FROM "dishes"[0m
  [1m[35mSQL (68.5ms)[0m  DELETE FROM "raw_vegs"
  [1m[36mSQL (70.0ms)[0m  [1mDELETE FROM "info_dishes"[0m
  [1m[36mRawVeg Load (1.6ms)[0m  [1mSELECT "raw_vegs".* FROM "raw_vegs"[0m
  [1m[35mDish Load (0.1ms)[0m  SELECT "dishes".* FROM "dishes"
  [1m[36mInfoDish Load (0.2ms)[0m  [1mSELECT "info_dishes".* FROM "info_dishes"[0m
  [1m[35m (0.1ms)[0m  begin transaction
  [1m[36mSQL (0.3ms)[0m  [1mINSERT INTO "raw_vegs" ("name", "created_at", "updated_at") VALUES (?, ?, ?)[0m  [["name", "potato"], ["created_at", "2017-03-26 16:47:13.360620"], ["updated_at", "2017-03-26 16:47:13.360620"]]
  [1m[35m (55.6ms)[0m  commit transaction
  [1m[36mRawVeg Load (0.2ms)[0m  [1mSELECT  "raw_vegs".* FROM "raw_vegs"  ORDER BY "raw_vegs"."id" ASC LIMIT 1[0m
  [1m[35m (0.0ms)[0m  begin transaction
  [1m[36mSQL (0.2ms)[0m  [1mINSERT INTO "dishes" ("name", "created_at", "updated_at") VALUES (?, ?, ?)[0m  [["name", "aaloo_gobhi"], ["created_at", "2017-03-26 16:48:32.138719"], ["updated_at", "2017-03-26 16:48:32.138719"]]
  [1m[35mSQL (0.1ms)[0m  INSERT INTO "dishes_raw_vegs" ("raw_veg_id", "dish_id") VALUES (?, ?)  [["raw_veg_id", 11], ["dish_id", 5]]
  [1m[36m (84.8ms)[0m  [1mcommit transaction[0m
  [1m[35mDish Load (0.2ms)[0m  SELECT "dishes".* FROM "dishes"
  [1m[36mDish Load (0.2ms)[0m  [1mSELECT  "dishes".* FROM "dishes"  ORDER BY "dishes"."id" ASC LIMIT 1[0m
  [1m[35m (0.1ms)[0m  begin transaction
  [1m[36mSQL (0.4ms)[0m  [1mINSERT INTO "raw_vegs" ("name", "created_at", "updated_at") VALUES (?, ?, ?)[0m  [["name", "cauliflower"], ["created_at", "2017-03-26 16:49:22.897100"], ["updated_at", "2017-03-26 16:49:22.897100"]]
  [1m[35m (63.1ms)[0m  commit transaction
  [1m[36mDish Load (0.1ms)[0m  [1mSELECT  "dishes".* FROM "dishes"  ORDER BY "dishes"."id" ASC LIMIT 1[0m
  [1m[35mRawVeg Load (0.2ms)[0m  SELECT  "raw_vegs".* FROM "raw_vegs" WHERE "raw_vegs"."name" = ?  ORDER BY "raw_vegs"."id" ASC LIMIT 1  [["name", "cauliflower"]]
  [1m[36mDish Load (0.3ms)[0m  [1mSELECT  "dishes".* FROM "dishes"  ORDER BY "dishes"."id" ASC LIMIT 1[0m
  [1m[35mDish Load (0.2ms)[0m  SELECT  "dishes".* FROM "dishes"  ORDER BY "dishes"."id" ASC LIMIT 1
  [1m[36mDish Load (0.2ms)[0m  [1mSELECT  "dishes".* FROM "dishes"  ORDER BY "dishes"."id" ASC LIMIT 1[0m
  [1m[35m (0.0ms)[0m  begin transaction
  [1m[36mSQL (0.1ms)[0m  [1mINSERT INTO "dishes_raw_vegs" ("raw_veg_id", "dish_id") VALUES (?, ?)[0m  [["raw_veg_id", 12], ["dish_id", 5]]
  [1m[35m (50.5ms)[0m  commit transaction
  [1m[36mDish Load (0.2ms)[0m  [1mSELECT "dishes".* FROM "dishes" INNER JOIN "dishes_raw_vegs" ON "dishes"."id" = "dishes_raw_vegs"."dish_id" WHERE "dishes_raw_vegs"."raw_veg_id" = ?[0m  [["raw_veg_id", 12]]
  [1m[35mDish Load (0.1ms)[0m  SELECT "dishes".* FROM "dishes"
  [1m[36mDish Load (0.2ms)[0m  [1mSELECT  "dishes".* FROM "dishes"  ORDER BY "dishes"."id" ASC LIMIT 1[0m
  [1m[35mRawVeg Load (0.1ms)[0m  SELECT "raw_vegs".* FROM "raw_vegs" INNER JOIN "dishes_raw_vegs" ON "raw_vegs"."id" = "dishes_raw_vegs"."raw_veg_id" WHERE "dishes_raw_vegs"."dish_id" = ?  [["dish_id", 5]]


Started POST "/" for 127.0.0.1 at 2017-03-26 22:35:57 +0530
  [1m[36mActiveRecord::SchemaMigration Load (0.1ms)[0m  [1mSELECT "schema_migrations".* FROM "schema_migrations"[0m

ActionController::RoutingError (No route matches [POST] "/"):
  /usr/lib/ruby/vendor_ruby/action_dispatch/middleware/debug_exceptions.rb:21:in `call'
  web-console (2.3.0) lib/web_console/middleware.rb:28:in `block in call'
  web-console (2.3.0) lib/web_console/middleware.rb:18:in `catch'
  web-console (2.3.0) lib/web_console/middleware.rb:18:in `call'
  /usr/lib/ruby/vendor_ruby/action_dispatch/middleware/show_exceptions.rb:30:in `call'
  /usr/lib/ruby/vendor_ruby/rails/rack/logger.rb:38:in `call_app'
  /usr/lib/ruby/vendor_ruby/rails/rack/logger.rb:20:in `block in call'
  activesupport (4.2.6) lib/active_support/tagged_logging.rb:68:in `block in tagged'
  activesupport (4.2.6) lib/active_support/tagged_logging.rb:26:in `tagged'
  activesupport (4.2.6) lib/active_support/tagged_logging.rb:68:in `tagged'
  /usr/lib/ruby/vendor_ruby/rails/rack/logger.rb:20:in `call'
  /usr/lib/ruby/vendor_ruby/action_dispatch/middleware/request_id.rb:21:in `call'
  rack (1.6.5) lib/rack/methodoverride.rb:22:in `call'
  rack (1.6.5) lib/rack/runtime.rb:18:in `call'
  activesupport (4.2.6) lib/active_support/cache/strategy/local_cache_middleware.rb:28:in `call'
  rack (1.6.5) lib/rack/lock.rb:17:in `call'
  /usr/lib/ruby/vendor_ruby/action_dispatch/middleware/static.rb:120:in `call'
  rack (1.6.5) lib/rack/sendfile.rb:113:in `call'
  /usr/lib/ruby/vendor_ruby/rails/engine.rb:518:in `call'
  /usr/lib/ruby/vendor_ruby/rails/application.rb:165:in `call'
  rack (1.6.5) lib/rack/lock.rb:17:in `call'
  rack (1.6.5) lib/rack/content_length.rb:15:in `call'
  rack (1.6.5) lib/rack/handler/webrick.rb:88:in `service'
  /usr/lib/ruby/2.3.0/webrick/httpserver.rb:140:in `service'
  /usr/lib/ruby/2.3.0/webrick/httpserver.rb:96:in `run'
  /usr/lib/ruby/2.3.0/webrick/server.rb:296:in `block in start_thread'


  Rendered /usr/lib/ruby/vendor_ruby/action_dispatch/middleware/templates/rescues/_trace.html.erb (1.2ms)
  Rendered /usr/lib/ruby/vendor_ruby/action_dispatch/middleware/templates/routes/_route.html.erb (0.6ms)
  Rendered /usr/lib/ruby/vendor_ruby/action_dispatch/middleware/templates/routes/_table.html.erb (41.5ms)
  Rendered /usr/lib/ruby/vendor_ruby/action_dispatch/middleware/templates/rescues/_request_and_response.html.erb (17.3ms)
  Rendered /usr/lib/ruby/vendor_ruby/action_dispatch/middleware/templates/rescues/routing_error.html.erb within rescues/layout (77.8ms)
  Rendered /var/lib/gems/2.3.0/gems/web-console-2.3.0/lib/web_console/templates/_markup.html.erb (0.4ms)
  Rendered /var/lib/gems/2.3.0/gems/web-console-2.3.0/lib/web_console/templates/_inner_console_markup.html.erb within layouts/inlined_string (0.3ms)
  Rendered /var/lib/gems/2.3.0/gems/web-console-2.3.0/lib/web_console/templates/_prompt_box_markup.html.erb within layouts/inlined_string (0.3ms)
  Rendered /var/lib/gems/2.3.0/gems/web-console-2.3.0/lib/web_console/templates/style.css.erb within layouts/inlined_string (0.5ms)
  Rendered /var/lib/gems/2.3.0/gems/web-console-2.3.0/lib/web_console/templates/console.js.erb within layouts/javascript (62.3ms)
  Rendered /var/lib/gems/2.3.0/gems/web-console-2.3.0/lib/web_console/templates/main.js.erb within layouts/javascript (0.3ms)
  Rendered /var/lib/gems/2.3.0/gems/web-console-2.3.0/lib/web_console/templates/error_page.js.erb within layouts/javascript (0.4ms)
  Rendered /var/lib/gems/2.3.0/gems/web-console-2.3.0/lib/web_console/templates/index.html.erb (81.7ms)


Started POST "/data/data" for 127.0.0.1 at 2017-03-26 22:36:58 +0530

SyntaxError (/home/kush/Desktop/ds/rails/app/controllers/data_controller.rb:20: syntax error, unexpected '='
		  					priority + = 1
		  					            ^):
  app/controllers/data_controller.rb:20: syntax error, unexpected '='


  Rendered /usr/lib/ruby/vendor_ruby/action_dispatch/middleware/templates/rescues/_source.erb (3.1ms)
  Rendered /usr/lib/ruby/vendor_ruby/action_dispatch/middleware/templates/rescues/_trace.html.erb (1.6ms)
  Rendered /usr/lib/ruby/vendor_ruby/action_dispatch/middleware/templates/rescues/_request_and_response.html.erb (0.8ms)
  Rendered /usr/lib/ruby/vendor_ruby/action_dispatch/middleware/templates/rescues/diagnostics.html.erb within rescues/layout (15.6ms)
  Rendered /var/lib/gems/2.3.0/gems/web-console-2.3.0/lib/web_console/templates/_markup.html.erb (0.4ms)
  Rendered /var/lib/gems/2.3.0/gems/web-console-2.3.0/lib/web_console/templates/_inner_console_markup.html.erb within layouts/inlined_string (0.3ms)
  Rendered /var/lib/gems/2.3.0/gems/web-console-2.3.0/lib/web_console/templates/_prompt_box_markup.html.erb within layouts/inlined_string (0.5ms)
  Rendered /var/lib/gems/2.3.0/gems/web-console-2.3.0/lib/web_console/templates/style.css.erb within layouts/inlined_string (0.3ms)
  Rendered /var/lib/gems/2.3.0/gems/web-console-2.3.0/lib/web_console/templates/console.js.erb within layouts/javascript (14.5ms)
  Rendered /var/lib/gems/2.3.0/gems/web-console-2.3.0/lib/web_console/templates/main.js.erb within layouts/javascript (0.3ms)
  Rendered /var/lib/gems/2.3.0/gems/web-console-2.3.0/lib/web_console/templates/error_page.js.erb within layouts/javascript (0.3ms)
  Rendered /var/lib/gems/2.3.0/gems/web-console-2.3.0/lib/web_console/templates/index.html.erb (28.5ms)


Started POST "/data/data" for 127.0.0.1 at 2017-03-26 22:37:52 +0530
  [1m[36mActiveRecord::SchemaMigration Load (0.1ms)[0m  [1mSELECT "schema_migrations".* FROM "schema_migrations"[0m
Processing by DataController#data as */*
Can't verify CSRF token authenticity
Completed 422 Unprocessable Entity in 1ms (ActiveRecord: 0.0ms)

ActionController::InvalidAuthenticityToken (ActionController::InvalidAuthenticityToken):
  /usr/lib/ruby/vendor_ruby/action_controller/metal/request_forgery_protection.rb:181:in `handle_unverified_request'
  /usr/lib/ruby/vendor_ruby/action_controller/metal/request_forgery_protection.rb:209:in `handle_unverified_request'
  /usr/lib/ruby/vendor_ruby/action_controller/metal/request_forgery_protection.rb:204:in `verify_authenticity_token'
  activesupport (4.2.6) lib/active_support/callbacks.rb:432:in `block in make_lambda'
  activesupport (4.2.6) lib/active_support/callbacks.rb:164:in `block in halting'
  activesupport (4.2.6) lib/active_support/callbacks.rb:504:in `block in call'
  activesupport (4.2.6) lib/active_support/callbacks.rb:504:in `each'
  activesupport (4.2.6) lib/active_support/callbacks.rb:504:in `call'
  activesupport (4.2.6) lib/active_support/callbacks.rb:92:in `__run_callbacks__'
  activesupport (4.2.6) lib/active_support/callbacks.rb:778:in `_run_process_action_callbacks'
  activesupport (4.2.6) lib/active_support/callbacks.rb:81:in `run_callbacks'
  /usr/lib/ruby/vendor_ruby/abstract_controller/callbacks.rb:19:in `process_action'
  /usr/lib/ruby/vendor_ruby/action_controller/metal/rescue.rb:29:in `process_action'
  /usr/lib/ruby/vendor_ruby/action_controller/metal/instrumentation.rb:32:in `block in process_action'
  activesupport (4.2.6) lib/active_support/notifications.rb:164:in `block in instrument'
  activesupport (4.2.6) lib/active_support/notifications/instrumenter.rb:20:in `instrument'
  activesupport (4.2.6) lib/active_support/notifications.rb:164:in `instrument'
  /usr/lib/ruby/vendor_ruby/action_controller/metal/instrumentation.rb:30:in `process_action'
  /usr/lib/ruby/vendor_ruby/action_controller/metal/params_wrapper.rb:250:in `process_action'
  activerecord (4.2.6) lib/active_record/railties/controller_runtime.rb:18:in `process_action'
  /usr/lib/ruby/vendor_ruby/abstract_controller/base.rb:137:in `process'
  /usr/lib/ruby/vendor_ruby/action_view/rendering.rb:30:in `process'
  /usr/lib/ruby/vendor_ruby/action_controller/metal.rb:196:in `dispatch'
  /usr/lib/ruby/vendor_ruby/action_controller/metal/rack_delegation.rb:13:in `dispatch'
  /usr/lib/ruby/vendor_ruby/action_controller/metal.rb:237:in `block in action'
  /usr/lib/ruby/vendor_ruby/action_dispatch/routing/route_set.rb:74:in `dispatch'
  /usr/lib/ruby/vendor_ruby/action_dispatch/routing/route_set.rb:43:in `serve'
  /usr/lib/ruby/vendor_ruby/action_dispatch/journey/router.rb:43:in `block in serve'
  /usr/lib/ruby/vendor_ruby/action_dispatch/journey/router.rb:30:in `each'
  /usr/lib/ruby/vendor_ruby/action_dispatch/journey/router.rb:30:in `serve'
  /usr/lib/ruby/vendor_ruby/action_dispatch/routing/route_set.rb:817:in `call'
  rack (1.6.5) lib/rack/etag.rb:24:in `call'
  rack (1.6.5) lib/rack/conditionalget.rb:38:in `call'
  rack (1.6.5) lib/rack/head.rb:13:in `call'
  /usr/lib/ruby/vendor_ruby/action_dispatch/middleware/params_parser.rb:27:in `call'
  /usr/lib/ruby/vendor_ruby/action_dispatch/middleware/flash.rb:260:in `call'
  rack (1.6.5) lib/rack/session/abstract/id.rb:225:in `context'
  rack (1.6.5) lib/rack/session/abstract/id.rb:220:in `call'
  /usr/lib/ruby/vendor_ruby/action_dispatch/middleware/cookies.rb:560:in `call'
  activerecord (4.2.6) lib/active_record/query_cache.rb:36:in `call'
  activerecord (4.2.6) lib/active_record/connection_adapters/abstract/connection_pool.rb:653:in `call'
  activerecord (4.2.6) lib/active_record/migration.rb:377:in `call'
  /usr/lib/ruby/vendor_ruby/action_dispatch/middleware/callbacks.rb:29:in `block in call'
  activesupport (4.2.6) lib/active_support/callbacks.rb:88:in `__run_callbacks__'
  activesupport (4.2.6) lib/active_support/callbacks.rb:778:in `_run_call_callbacks'
  activesupport (4.2.6) lib/active_support/callbacks.rb:81:in `run_callbacks'
  /usr/lib/ruby/vendor_ruby/action_dispatch/middleware/callbacks.rb:27:in `call'
  /usr/lib/ruby/vendor_ruby/action_dispatch/middleware/reloader.rb:73:in `call'
  /usr/lib/ruby/vendor_ruby/action_dispatch/middleware/remote_ip.rb:78:in `call'
  /usr/lib/ruby/vendor_ruby/action_dispatch/middleware/debug_exceptions.rb:17:in `call'
  web-console (2.3.0) lib/web_console/middleware.rb:28:in `block in call'
  web-console (2.3.0) lib/web_console/middleware.rb:18:in `catch'
  web-console (2.3.0) lib/web_console/middleware.rb:18:in `call'
  /usr/lib/ruby/vendor_ruby/action_dispatch/middleware/show_exceptions.rb:30:in `call'
  /usr/lib/ruby/vendor_ruby/rails/rack/logger.rb:38:in `call_app'
  /usr/lib/ruby/vendor_ruby/rails/rack/logger.rb:20:in `block in call'
  activesupport (4.2.6) lib/active_support/tagged_logging.rb:68:in `block in tagged'
  activesupport (4.2.6) lib/active_support/tagged_logging.rb:26:in `tagged'
  activesupport (4.2.6) lib/active_support/tagged_logging.rb:68:in `tagged'
  /usr/lib/ruby/vendor_ruby/rails/rack/logger.rb:20:in `call'
  /usr/lib/ruby/vendor_ruby/action_dispatch/middleware/request_id.rb:21:in `call'
  rack (1.6.5) lib/rack/methodoverride.rb:22:in `call'
  rack (1.6.5) lib/rack/runtime.rb:18:in `call'
  activesupport (4.2.6) lib/active_support/cache/strategy/local_cache_middleware.rb:28:in `call'
  rack (1.6.5) lib/rack/lock.rb:17:in `call'
  /usr/lib/ruby/vendor_ruby/action_dispatch/middleware/static.rb:120:in `call'
  rack (1.6.5) lib/rack/sendfile.rb:113:in `call'
  /usr/lib/ruby/vendor_ruby/rails/engine.rb:518:in `call'
  /usr/lib/ruby/vendor_ruby/rails/application.rb:165:in `call'
  rack (1.6.5) lib/rack/lock.rb:17:in `call'
  rack (1.6.5) lib/rack/content_length.rb:15:in `call'
  rack (1.6.5) lib/rack/handler/webrick.rb:88:in `service'
  /usr/lib/ruby/2.3.0/webrick/httpserver.rb:140:in `service'
  /usr/lib/ruby/2.3.0/webrick/httpserver.rb:96:in `run'
  /usr/lib/ruby/2.3.0/webrick/server.rb:296:in `block in start_thread'


  Rendered /usr/lib/ruby/vendor_ruby/action_dispatch/middleware/templates/rescues/_source.erb (3.4ms)
  Rendered /usr/lib/ruby/vendor_ruby/action_dispatch/middleware/templates/rescues/_trace.html.erb (1.6ms)
  Rendered /usr/lib/ruby/vendor_ruby/action_dispatch/middleware/templates/rescues/_request_and_response.html.erb (8.0ms)
  Rendered /usr/lib/ruby/vendor_ruby/action_dispatch/middleware/templates/rescues/diagnostics.html.erb within rescues/layout (23.1ms)
  Rendered /var/lib/gems/2.3.0/gems/web-console-2.3.0/lib/web_console/templates/_markup.html.erb (0.3ms)
  Rendered /var/lib/gems/2.3.0/gems/web-console-2.3.0/lib/web_console/templates/_inner_console_markup.html.erb within layouts/inlined_string (0.3ms)
  Rendered /var/lib/gems/2.3.0/gems/web-console-2.3.0/lib/web_console/templates/_prompt_box_markup.html.erb within layouts/inlined_string (0.2ms)
  Rendered /var/lib/gems/2.3.0/gems/web-console-2.3.0/lib/web_console/templates/style.css.erb within layouts/inlined_string (0.3ms)
  Rendered /var/lib/gems/2.3.0/gems/web-console-2.3.0/lib/web_console/templates/console.js.erb within layouts/javascript (17.0ms)
  Rendered /var/lib/gems/2.3.0/gems/web-console-2.3.0/lib/web_console/templates/main.js.erb within layouts/javascript (0.2ms)
  Rendered /var/lib/gems/2.3.0/gems/web-console-2.3.0/lib/web_console/templates/error_page.js.erb within layouts/javascript (0.3ms)
  Rendered /var/lib/gems/2.3.0/gems/web-console-2.3.0/lib/web_console/templates/index.html.erb (31.4ms)


Started POST "/data/data" for 127.0.0.1 at 2017-03-26 22:41:39 +0530
Processing by DataController#data as */*
Can't verify CSRF token authenticity
Completed 422 Unprocessable Entity in 1ms (ActiveRecord: 0.0ms)

ActionController::InvalidAuthenticityToken (ActionController::InvalidAuthenticityToken):
  /usr/lib/ruby/vendor_ruby/action_controller/metal/request_forgery_protection.rb:181:in `handle_unverified_request'
  /usr/lib/ruby/vendor_ruby/action_controller/metal/request_forgery_protection.rb:209:in `handle_unverified_request'
  /usr/lib/ruby/vendor_ruby/action_controller/metal/request_forgery_protection.rb:204:in `verify_authenticity_token'
  activesupport (4.2.6) lib/active_support/callbacks.rb:432:in `block in make_lambda'
  activesupport (4.2.6) lib/active_support/callbacks.rb:164:in `block in halting'
  activesupport (4.2.6) lib/active_support/callbacks.rb:504:in `block in call'
  activesupport (4.2.6) lib/active_support/callbacks.rb:504:in `each'
  activesupport (4.2.6) lib/active_support/callbacks.rb:504:in `call'
  activesupport (4.2.6) lib/active_support/callbacks.rb:92:in `__run_callbacks__'
  activesupport (4.2.6) lib/active_support/callbacks.rb:778:in `_run_process_action_callbacks'
  activesupport (4.2.6) lib/active_support/callbacks.rb:81:in `run_callbacks'
  /usr/lib/ruby/vendor_ruby/abstract_controller/callbacks.rb:19:in `process_action'
  /usr/lib/ruby/vendor_ruby/action_controller/metal/rescue.rb:29:in `process_action'
  /usr/lib/ruby/vendor_ruby/action_controller/metal/instrumentation.rb:32:in `block in process_action'
  activesupport (4.2.6) lib/active_support/notifications.rb:164:in `block in instrument'
  activesupport (4.2.6) lib/active_support/notifications/instrumenter.rb:20:in `instrument'
  activesupport (4.2.6) lib/active_support/notifications.rb:164:in `instrument'
  /usr/lib/ruby/vendor_ruby/action_controller/metal/instrumentation.rb:30:in `process_action'
  /usr/lib/ruby/vendor_ruby/action_controller/metal/params_wrapper.rb:250:in `process_action'
  activerecord (4.2.6) lib/active_record/railties/controller_runtime.rb:18:in `process_action'
  /usr/lib/ruby/vendor_ruby/abstract_controller/base.rb:137:in `process'
  /usr/lib/ruby/vendor_ruby/action_view/rendering.rb:30:in `process'
  /usr/lib/ruby/vendor_ruby/action_controller/metal.rb:196:in `dispatch'
  /usr/lib/ruby/vendor_ruby/action_controller/metal/rack_delegation.rb:13:in `dispatch'
  /usr/lib/ruby/vendor_ruby/action_controller/metal.rb:237:in `block in action'
  /usr/lib/ruby/vendor_ruby/action_dispatch/routing/route_set.rb:74:in `dispatch'
  /usr/lib/ruby/vendor_ruby/action_dispatch/routing/route_set.rb:43:in `serve'
  /usr/lib/ruby/vendor_ruby/action_dispatch/journey/router.rb:43:in `block in serve'
  /usr/lib/ruby/vendor_ruby/action_dispatch/journey/router.rb:30:in `each'
  /usr/lib/ruby/vendor_ruby/action_dispatch/journey/router.rb:30:in `serve'
  /usr/lib/ruby/vendor_ruby/action_dispatch/routing/route_set.rb:817:in `call'
  rack (1.6.5) lib/rack/etag.rb:24:in `call'
  rack (1.6.5) lib/rack/conditionalget.rb:38:in `call'
  rack (1.6.5) lib/rack/head.rb:13:in `call'
  /usr/lib/ruby/vendor_ruby/action_dispatch/middleware/params_parser.rb:27:in `call'
  /usr/lib/ruby/vendor_ruby/action_dispatch/middleware/flash.rb:260:in `call'
  rack (1.6.5) lib/rack/session/abstract/id.rb:225:in `context'
  rack (1.6.5) lib/rack/session/abstract/id.rb:220:in `call'
  /usr/lib/ruby/vendor_ruby/action_dispatch/middleware/cookies.rb:560:in `call'
  activerecord (4.2.6) lib/active_record/query_cache.rb:36:in `call'
  activerecord (4.2.6) lib/active_record/connection_adapters/abstract/connection_pool.rb:653:in `call'
  activerecord (4.2.6) lib/active_record/migration.rb:377:in `call'
  /usr/lib/ruby/vendor_ruby/action_dispatch/middleware/callbacks.rb:29:in `block in call'
  activesupport (4.2.6) lib/active_support/callbacks.rb:88:in `__run_callbacks__'
  activesupport (4.2.6) lib/active_support/callbacks.rb:778:in `_run_call_callbacks'
  activesupport (4.2.6) lib/active_support/callbacks.rb:81:in `run_callbacks'
  /usr/lib/ruby/vendor_ruby/action_dispatch/middleware/callbacks.rb:27:in `call'
  /usr/lib/ruby/vendor_ruby/action_dispatch/middleware/reloader.rb:73:in `call'
  /usr/lib/ruby/vendor_ruby/action_dispatch/middleware/remote_ip.rb:78:in `call'
  /usr/lib/ruby/vendor_ruby/action_dispatch/middleware/debug_exceptions.rb:17:in `call'
  web-console (2.3.0) lib/web_console/middleware.rb:28:in `block in call'
  web-console (2.3.0) lib/web_console/middleware.rb:18:in `catch'
  web-console (2.3.0) lib/web_console/middleware.rb:18:in `call'
  /usr/lib/ruby/vendor_ruby/action_dispatch/middleware/show_exceptions.rb:30:in `call'
  /usr/lib/ruby/vendor_ruby/rails/rack/logger.rb:38:in `call_app'
  /usr/lib/ruby/vendor_ruby/rails/rack/logger.rb:20:in `block in call'
  activesupport (4.2.6) lib/active_support/tagged_logging.rb:68:in `block in tagged'
  activesupport (4.2.6) lib/active_support/tagged_logging.rb:26:in `tagged'
  activesupport (4.2.6) lib/active_support/tagged_logging.rb:68:in `tagged'
  /usr/lib/ruby/vendor_ruby/rails/rack/logger.rb:20:in `call'
  /usr/lib/ruby/vendor_ruby/action_dispatch/middleware/request_id.rb:21:in `call'
  rack (1.6.5) lib/rack/methodoverride.rb:22:in `call'
  rack (1.6.5) lib/rack/runtime.rb:18:in `call'
  activesupport (4.2.6) lib/active_support/cache/strategy/local_cache_middleware.rb:28:in `call'
  rack (1.6.5) lib/rack/lock.rb:17:in `call'
  /usr/lib/ruby/vendor_ruby/action_dispatch/middleware/static.rb:120:in `call'
  rack (1.6.5) lib/rack/sendfile.rb:113:in `call'
  /usr/lib/ruby/vendor_ruby/rails/engine.rb:518:in `call'
  /usr/lib/ruby/vendor_ruby/rails/application.rb:165:in `call'
  rack (1.6.5) lib/rack/lock.rb:17:in `call'
  rack (1.6.5) lib/rack/content_length.rb:15:in `call'
  rack (1.6.5) lib/rack/handler/webrick.rb:88:in `service'
  /usr/lib/ruby/2.3.0/webrick/httpserver.rb:140:in `service'
  /usr/lib/ruby/2.3.0/webrick/httpserver.rb:96:in `run'
  /usr/lib/ruby/2.3.0/webrick/server.rb:296:in `block in start_thread'


  Rendered /usr/lib/ruby/vendor_ruby/action_dispatch/middleware/templates/rescues/_source.erb (3.6ms)
  Rendered /usr/lib/ruby/vendor_ruby/action_dispatch/middleware/templates/rescues/_trace.html.erb (1.7ms)
  Rendered /usr/lib/ruby/vendor_ruby/action_dispatch/middleware/templates/rescues/_request_and_response.html.erb (0.8ms)
  Rendered /usr/lib/ruby/vendor_ruby/action_dispatch/middleware/templates/rescues/diagnostics.html.erb within rescues/layout (16.7ms)
  Rendered /var/lib/gems/2.3.0/gems/web-console-2.3.0/lib/web_console/templates/_markup.html.erb (0.3ms)
  Rendered /var/lib/gems/2.3.0/gems/web-console-2.3.0/lib/web_console/templates/_inner_console_markup.html.erb within layouts/inlined_string (0.2ms)
  Rendered /var/lib/gems/2.3.0/gems/web-console-2.3.0/lib/web_console/templates/_prompt_box_markup.html.erb within layouts/inlined_string (0.3ms)
  Rendered /var/lib/gems/2.3.0/gems/web-console-2.3.0/lib/web_console/templates/style.css.erb within layouts/inlined_string (0.3ms)
  Rendered /var/lib/gems/2.3.0/gems/web-console-2.3.0/lib/web_console/templates/console.js.erb within layouts/javascript (15.2ms)
  Rendered /var/lib/gems/2.3.0/gems/web-console-2.3.0/lib/web_console/templates/main.js.erb within layouts/javascript (0.2ms)
  Rendered /var/lib/gems/2.3.0/gems/web-console-2.3.0/lib/web_console/templates/error_page.js.erb within layouts/javascript (0.3ms)
  Rendered /var/lib/gems/2.3.0/gems/web-console-2.3.0/lib/web_console/templates/index.html.erb (28.5ms)


Started POST "/data/data" for 127.0.0.1 at 2017-03-26 22:43:41 +0530
  [1m[36mActiveRecord::SchemaMigration Load (0.1ms)[0m  [1mSELECT "schema_migrations".* FROM "schema_migrations"[0m
Processing by DataController#data as */*
Completed 500 Internal Server Error in 7ms (ActiveRecord: 0.0ms)

NoMethodError (undefined method `each' for nil:NilClass):
  app/controllers/data_controller.rb:10:in `data'


  Rendered /usr/lib/ruby/vendor_ruby/action_dispatch/middleware/templates/rescues/_source.erb (3.3ms)
  Rendered /usr/lib/ruby/vendor_ruby/action_dispatch/middleware/templates/rescues/_trace.html.erb (1.7ms)
  Rendered /usr/lib/ruby/vendor_ruby/action_dispatch/middleware/templates/rescues/_request_and_response.html.erb (0.7ms)
  Rendered /usr/lib/ruby/vendor_ruby/action_dispatch/middleware/templates/rescues/diagnostics.html.erb within rescues/layout (15.9ms)
  Rendered /var/lib/gems/2.3.0/gems/web-console-2.3.0/lib/web_console/templates/_markup.html.erb (0.3ms)
  Rendered /var/lib/gems/2.3.0/gems/web-console-2.3.0/lib/web_console/templates/_inner_console_markup.html.erb within layouts/inlined_string (0.2ms)
  Rendered /var/lib/gems/2.3.0/gems/web-console-2.3.0/lib/web_console/templates/_prompt_box_markup.html.erb within layouts/inlined_string (0.3ms)
  Rendered /var/lib/gems/2.3.0/gems/web-console-2.3.0/lib/web_console/templates/style.css.erb within layouts/inlined_string (0.3ms)
  Rendered /var/lib/gems/2.3.0/gems/web-console-2.3.0/lib/web_console/templates/console.js.erb within layouts/javascript (16.5ms)
  Rendered /var/lib/gems/2.3.0/gems/web-console-2.3.0/lib/web_console/templates/main.js.erb within layouts/javascript (0.2ms)
  Rendered /var/lib/gems/2.3.0/gems/web-console-2.3.0/lib/web_console/templates/error_page.js.erb within layouts/javascript (0.3ms)
  Rendered /var/lib/gems/2.3.0/gems/web-console-2.3.0/lib/web_console/templates/index.html.erb (31.8ms)


Started POST "/data/data" for 127.0.0.1 at 2017-03-26 22:52:44 +0530

SyntaxError (/home/kush/Desktop/ds/rails/app/controllers/data_controller.rb:48: syntax error, unexpected keyword_end, expecting end-of-input):
  app/controllers/data_controller.rb:48: syntax error, unexpected keyword_end, expecting end-of-input


  Rendered /usr/lib/ruby/vendor_ruby/action_dispatch/middleware/templates/rescues/_source.erb (3.1ms)
  Rendered /usr/lib/ruby/vendor_ruby/action_dispatch/middleware/templates/rescues/_trace.html.erb (1.5ms)
  Rendered /usr/lib/ruby/vendor_ruby/action_dispatch/middleware/templates/rescues/_request_and_response.html.erb (0.8ms)
  Rendered /usr/lib/ruby/vendor_ruby/action_dispatch/middleware/templates/rescues/diagnostics.html.erb within rescues/layout (14.9ms)
  Rendered /var/lib/gems/2.3.0/gems/web-console-2.3.0/lib/web_console/templates/_markup.html.erb (0.3ms)
  Rendered /var/lib/gems/2.3.0/gems/web-console-2.3.0/lib/web_console/templates/_inner_console_markup.html.erb within layouts/inlined_string (0.2ms)
  Rendered /var/lib/gems/2.3.0/gems/web-console-2.3.0/lib/web_console/templates/_prompt_box_markup.html.erb within layouts/inlined_string (0.3ms)
  Rendered /var/lib/gems/2.3.0/gems/web-console-2.3.0/lib/web_console/templates/style.css.erb within layouts/inlined_string (0.3ms)
  Rendered /var/lib/gems/2.3.0/gems/web-console-2.3.0/lib/web_console/templates/console.js.erb within layouts/javascript (14.3ms)
  Rendered /var/lib/gems/2.3.0/gems/web-console-2.3.0/lib/web_console/templates/main.js.erb within layouts/javascript (0.2ms)
  Rendered /var/lib/gems/2.3.0/gems/web-console-2.3.0/lib/web_console/templates/error_page.js.erb within layouts/javascript (0.3ms)
  Rendered /var/lib/gems/2.3.0/gems/web-console-2.3.0/lib/web_console/templates/index.html.erb (27.8ms)


Started POST "/data/data" for 127.0.0.1 at 2017-03-26 22:53:41 +0530
Processing by DataController#data as */*
Completed 500 Internal Server Error in 1ms (ActiveRecord: 0.0ms)

NoMethodError (undefined method `each' for nil:NilClass):
  app/controllers/data_controller.rb:10:in `data'


  Rendered /usr/lib/ruby/vendor_ruby/action_dispatch/middleware/templates/rescues/_source.erb (3.6ms)
  Rendered /usr/lib/ruby/vendor_ruby/action_dispatch/middleware/templates/rescues/_trace.html.erb (1.6ms)
  Rendered /usr/lib/ruby/vendor_ruby/action_dispatch/middleware/templates/rescues/_request_and_response.html.erb (0.7ms)
  Rendered /usr/lib/ruby/vendor_ruby/action_dispatch/middleware/templates/rescues/diagnostics.html.erb within rescues/layout (15.6ms)
  Rendered /var/lib/gems/2.3.0/gems/web-console-2.3.0/lib/web_console/templates/_markup.html.erb (0.3ms)
  Rendered /var/lib/gems/2.3.0/gems/web-console-2.3.0/lib/web_console/templates/_inner_console_markup.html.erb within layouts/inlined_string (0.2ms)
  Rendered /var/lib/gems/2.3.0/gems/web-console-2.3.0/lib/web_console/templates/_prompt_box_markup.html.erb within layouts/inlined_string (0.6ms)
  Rendered /var/lib/gems/2.3.0/gems/web-console-2.3.0/lib/web_console/templates/style.css.erb within layouts/inlined_string (0.3ms)
  Rendered /var/lib/gems/2.3.0/gems/web-console-2.3.0/lib/web_console/templates/console.js.erb within layouts/javascript (14.9ms)
  Rendered /var/lib/gems/2.3.0/gems/web-console-2.3.0/lib/web_console/templates/main.js.erb within layouts/javascript (0.2ms)
  Rendered /var/lib/gems/2.3.0/gems/web-console-2.3.0/lib/web_console/templates/error_page.js.erb within layouts/javascript (0.3ms)
  Rendered /var/lib/gems/2.3.0/gems/web-console-2.3.0/lib/web_console/templates/index.html.erb (28.4ms)


Started POST "/data/data" for 127.0.0.1 at 2017-03-26 22:55:51 +0530
Processing by DataController#data as */*
Completed 500 Internal Server Error in 1ms (ActiveRecord: 0.0ms)

NoMethodError (undefined method `each' for nil:NilClass):
  app/controllers/data_controller.rb:10:in `data'


  Rendered /usr/lib/ruby/vendor_ruby/action_dispatch/middleware/templates/rescues/_source.erb (6.3ms)
  Rendered /usr/lib/ruby/vendor_ruby/action_dispatch/middleware/templates/rescues/_trace.html.erb (3.0ms)
  Rendered /usr/lib/ruby/vendor_ruby/action_dispatch/middleware/templates/rescues/_request_and_response.html.erb (1.1ms)
  Rendered /usr/lib/ruby/vendor_ruby/action_dispatch/middleware/templates/rescues/diagnostics.html.erb within rescues/layout (24.4ms)
  Rendered /var/lib/gems/2.3.0/gems/web-console-2.3.0/lib/web_console/templates/_markup.html.erb (0.3ms)
  Rendered /var/lib/gems/2.3.0/gems/web-console-2.3.0/lib/web_console/templates/_inner_console_markup.html.erb within layouts/inlined_string (0.4ms)
  Rendered /var/lib/gems/2.3.0/gems/web-console-2.3.0/lib/web_console/templates/_prompt_box_markup.html.erb within layouts/inlined_string (0.5ms)
  Rendered /var/lib/gems/2.3.0/gems/web-console-2.3.0/lib/web_console/templates/style.css.erb within layouts/inlined_string (0.3ms)
  Rendered /var/lib/gems/2.3.0/gems/web-console-2.3.0/lib/web_console/templates/console.js.erb within layouts/javascript (16.0ms)
  Rendered /var/lib/gems/2.3.0/gems/web-console-2.3.0/lib/web_console/templates/main.js.erb within layouts/javascript (0.7ms)
  Rendered /var/lib/gems/2.3.0/gems/web-console-2.3.0/lib/web_console/templates/error_page.js.erb within layouts/javascript (0.3ms)
  Rendered /var/lib/gems/2.3.0/gems/web-console-2.3.0/lib/web_console/templates/index.html.erb (32.1ms)


Started POST "/data/data" for 127.0.0.1 at 2017-03-26 22:56:28 +0530
Processing by DataController#data as */*
  Parameters: {"vegs"=>"[\"aaloo\",\"cauliflower\"]"}
Completed 500 Internal Server Error in 1ms (ActiveRecord: 0.0ms)

NoMethodError (undefined method `each' for "[\"aaloo\",\"cauliflower\"]":String):
  app/controllers/data_controller.rb:10:in `data'


  Rendered /usr/lib/ruby/vendor_ruby/action_dispatch/middleware/templates/rescues/_source.erb (4.5ms)
  Rendered /usr/lib/ruby/vendor_ruby/action_dispatch/middleware/templates/rescues/_trace.html.erb (1.6ms)
  Rendered /usr/lib/ruby/vendor_ruby/action_dispatch/middleware/templates/rescues/_request_and_response.html.erb (0.7ms)
  Rendered /usr/lib/ruby/vendor_ruby/action_dispatch/middleware/templates/rescues/diagnostics.html.erb within rescues/layout (16.5ms)
  Rendered /var/lib/gems/2.3.0/gems/web-console-2.3.0/lib/web_console/templates/_markup.html.erb (0.3ms)
  Rendered /var/lib/gems/2.3.0/gems/web-console-2.3.0/lib/web_console/templates/_inner_console_markup.html.erb within layouts/inlined_string (0.2ms)
  Rendered /var/lib/gems/2.3.0/gems/web-console-2.3.0/lib/web_console/templates/_prompt_box_markup.html.erb within layouts/inlined_string (0.4ms)
  Rendered /var/lib/gems/2.3.0/gems/web-console-2.3.0/lib/web_console/templates/style.css.erb within layouts/inlined_string (0.3ms)
  Rendered /var/lib/gems/2.3.0/gems/web-console-2.3.0/lib/web_console/templates/console.js.erb within layouts/javascript (14.4ms)
  Rendered /var/lib/gems/2.3.0/gems/web-console-2.3.0/lib/web_console/templates/main.js.erb within layouts/javascript (0.2ms)
  Rendered /var/lib/gems/2.3.0/gems/web-console-2.3.0/lib/web_console/templates/error_page.js.erb within layouts/javascript (0.3ms)
  Rendered /var/lib/gems/2.3.0/gems/web-console-2.3.0/lib/web_console/templates/index.html.erb (27.9ms)


Started POST "/data/data" for 127.0.0.1 at 2017-03-26 23:12:40 +0530
  [1m[36mActiveRecord::SchemaMigration Load (0.1ms)[0m  [1mSELECT "schema_migrations".* FROM "schema_migrations"[0m
Processing by DataController#data as */*
  Parameters: {"vegs"=>{"0"=>"aaloo", "1"=>"cauliflower"}}
  [1m[35mRawVeg Load (0.1ms)[0m  SELECT  "raw_vegs".* FROM "raw_vegs" WHERE "raw_vegs"."name" IN ('0', 'aaloo')  ORDER BY "raw_vegs"."id" ASC LIMIT 1
  [1m[36mRawVeg Load (0.1ms)[0m  [1mSELECT  "raw_vegs".* FROM "raw_vegs" WHERE "raw_vegs"."name" IN ('1', 'cauliflower')  ORDER BY "raw_vegs"."id" ASC LIMIT 1[0m
  [1m[35mDish Load (0.2ms)[0m  SELECT "dishes".* FROM "dishes" INNER JOIN "dishes_raw_vegs" ON "dishes"."id" = "dishes_raw_vegs"."dish_id" WHERE "dishes_raw_vegs"."raw_veg_id" = ?  [["raw_veg_id", 12]]
  [1m[36mRawVeg Load (0.2ms)[0m  [1mSELECT "raw_vegs".* FROM "raw_vegs" INNER JOIN "dishes_raw_vegs" ON "raw_vegs"."id" = "dishes_raw_vegs"."raw_veg_id" WHERE "dishes_raw_vegs"."dish_id" = ?[0m  [["dish_id", 5]]
  Rendered data/answer.json.jbuilder (29.6ms)
Completed 200 OK in 103ms (Views: 37.9ms | ActiveRecord: 1.5ms)


Started POST "/data/data" for 127.0.0.1 at 2017-03-26 23:12:52 +0530
Processing by DataController#data as */*
  Parameters: {"vegs"=>{"0"=>"aaloo", "1"=>"cauliflower"}}
  [1m[35mRawVeg Load (0.4ms)[0m  SELECT  "raw_vegs".* FROM "raw_vegs" WHERE "raw_vegs"."name" IN ('0', 'aaloo')  ORDER BY "raw_vegs"."id" ASC LIMIT 1
  [1m[36mRawVeg Load (0.2ms)[0m  [1mSELECT  "raw_vegs".* FROM "raw_vegs" WHERE "raw_vegs"."name" IN ('1', 'cauliflower')  ORDER BY "raw_vegs"."id" ASC LIMIT 1[0m
  [1m[35mDish Load (0.2ms)[0m  SELECT "dishes".* FROM "dishes" INNER JOIN "dishes_raw_vegs" ON "dishes"."id" = "dishes_raw_vegs"."dish_id" WHERE "dishes_raw_vegs"."raw_veg_id" = ?  [["raw_veg_id", 12]]
  [1m[36mRawVeg Load (0.1ms)[0m  [1mSELECT "raw_vegs".* FROM "raw_vegs" INNER JOIN "dishes_raw_vegs" ON "raw_vegs"."id" = "dishes_raw_vegs"."raw_veg_id" WHERE "dishes_raw_vegs"."dish_id" = ?[0m  [["dish_id", 5]]
  Rendered data/answer.json.jbuilder (0.1ms)
Completed 200 OK in 14ms (Views: 5.4ms | ActiveRecord: 0.9ms)
  [1m[36mRawVeg Load (1.0ms)[0m  [1mSELECT "raw_vegs".* FROM "raw_vegs"[0m


Started POST "/data/data" for 127.0.0.1 at 2017-03-26 23:15:03 +0530
  [1m[36mActiveRecord::SchemaMigration Load (0.1ms)[0m  [1mSELECT "schema_migrations".* FROM "schema_migrations"[0m
Processing by DataController#data as */*
  Parameters: {"vegs"=>{"0"=>"potato", "1"=>"cauliflower"}}
  [1m[35mRawVeg Load (0.1ms)[0m  SELECT  "raw_vegs".* FROM "raw_vegs" WHERE "raw_vegs"."name" IN ('0', 'potato')  ORDER BY "raw_vegs"."id" ASC LIMIT 1
  [1m[36mDish Load (0.2ms)[0m  [1mSELECT "dishes".* FROM "dishes" INNER JOIN "dishes_raw_vegs" ON "dishes"."id" = "dishes_raw_vegs"."dish_id" WHERE "dishes_raw_vegs"."raw_veg_id" = ?[0m  [["raw_veg_id", 11]]
  [1m[35mRawVeg Load (0.3ms)[0m  SELECT "raw_vegs".* FROM "raw_vegs" INNER JOIN "dishes_raw_vegs" ON "raw_vegs"."id" = "dishes_raw_vegs"."raw_veg_id" WHERE "dishes_raw_vegs"."dish_id" = ?  [["dish_id", 5]]
  [1m[36mRawVeg Load (0.3ms)[0m  [1mSELECT  "raw_vegs".* FROM "raw_vegs" WHERE "raw_vegs"."name" IN ('1', 'cauliflower')  ORDER BY "raw_vegs"."id" ASC LIMIT 1[0m
  [1m[35mDish Load (0.1ms)[0m  SELECT "dishes".* FROM "dishes" INNER JOIN "dishes_raw_vegs" ON "dishes"."id" = "dishes_raw_vegs"."dish_id" WHERE "dishes_raw_vegs"."raw_veg_id" = ?  [["raw_veg_id", 12]]
  [1m[36mCACHE (0.0ms)[0m  [1mSELECT "raw_vegs".* FROM "raw_vegs" INNER JOIN "dishes_raw_vegs" ON "raw_vegs"."id" = "dishes_raw_vegs"."raw_veg_id" WHERE "dishes_raw_vegs"."dish_id" = ?[0m  [["dish_id", 5]]
  Rendered data/answer.json.jbuilder (2.2ms)
Completed 200 OK in 95ms (Views: 12.8ms | ActiveRecord: 1.6ms)


Started POST "/data/data" for 127.0.0.1 at 2017-03-26 23:15:05 +0530
Processing by DataController#data as */*
  Parameters: {"vegs"=>{"0"=>"potato", "1"=>"cauliflower"}}
  [1m[35mRawVeg Load (0.2ms)[0m  SELECT  "raw_vegs".* FROM "raw_vegs" WHERE "raw_vegs"."name" IN ('0', 'potato')  ORDER BY "raw_vegs"."id" ASC LIMIT 1
  [1m[36mDish Load (0.1ms)[0m  [1mSELECT "dishes".* FROM "dishes" INNER JOIN "dishes_raw_vegs" ON "dishes"."id" = "dishes_raw_vegs"."dish_id" WHERE "dishes_raw_vegs"."raw_veg_id" = ?[0m  [["raw_veg_id", 11]]
  [1m[35mRawVeg Load (0.1ms)[0m  SELECT "raw_vegs".* FROM "raw_vegs" INNER JOIN "dishes_raw_vegs" ON "raw_vegs"."id" = "dishes_raw_vegs"."raw_veg_id" WHERE "dishes_raw_vegs"."dish_id" = ?  [["dish_id", 5]]
  [1m[36mRawVeg Load (0.2ms)[0m  [1mSELECT  "raw_vegs".* FROM "raw_vegs" WHERE "raw_vegs"."name" IN ('1', 'cauliflower')  ORDER BY "raw_vegs"."id" ASC LIMIT 1[0m
  [1m[35mDish Load (0.1ms)[0m  SELECT "dishes".* FROM "dishes" INNER JOIN "dishes_raw_vegs" ON "dishes"."id" = "dishes_raw_vegs"."dish_id" WHERE "dishes_raw_vegs"."raw_veg_id" = ?  [["raw_veg_id", 12]]
  [1m[36mCACHE (0.0ms)[0m  [1mSELECT "raw_vegs".* FROM "raw_vegs" INNER JOIN "dishes_raw_vegs" ON "raw_vegs"."id" = "dishes_raw_vegs"."raw_veg_id" WHERE "dishes_raw_vegs"."dish_id" = ?[0m  [["dish_id", 5]]
  Rendered data/answer.json.jbuilder (0.2ms)
Completed 200 OK in 13ms (Views: 5.6ms | ActiveRecord: 0.8ms)


Started POST "/data/data" for 127.0.0.1 at 2017-03-26 23:15:15 +0530
Processing by DataController#data as */*
  Parameters: {"vegs"=>{"0"=>"potato", "1"=>"cauliflower"}}
  [1m[35mRawVeg Load (0.3ms)[0m  SELECT  "raw_vegs".* FROM "raw_vegs" WHERE "raw_vegs"."name" IN ('0', 'potato')  ORDER BY "raw_vegs"."id" ASC LIMIT 1
  [1m[36mDish Load (0.4ms)[0m  [1mSELECT "dishes".* FROM "dishes" INNER JOIN "dishes_raw_vegs" ON "dishes"."id" = "dishes_raw_vegs"."dish_id" WHERE "dishes_raw_vegs"."raw_veg_id" = ?[0m  [["raw_veg_id", 11]]
  [1m[35mRawVeg Load (0.2ms)[0m  SELECT "raw_vegs".* FROM "raw_vegs" INNER JOIN "dishes_raw_vegs" ON "raw_vegs"."id" = "dishes_raw_vegs"."raw_veg_id" WHERE "dishes_raw_vegs"."dish_id" = ?  [["dish_id", 5]]
  [1m[36mRawVeg Load (0.4ms)[0m  [1mSELECT  "raw_vegs".* FROM "raw_vegs" WHERE "raw_vegs"."name" IN ('1', 'cauliflower')  ORDER BY "raw_vegs"."id" ASC LIMIT 1[0m
  [1m[35mDish Load (0.1ms)[0m  SELECT "dishes".* FROM "dishes" INNER JOIN "dishes_raw_vegs" ON "dishes"."id" = "dishes_raw_vegs"."dish_id" WHERE "dishes_raw_vegs"."raw_veg_id" = ?  [["raw_veg_id", 12]]
  [1m[36mCACHE (0.0ms)[0m  [1mSELECT "raw_vegs".* FROM "raw_vegs" INNER JOIN "dishes_raw_vegs" ON "raw_vegs"."id" = "dishes_raw_vegs"."raw_veg_id" WHERE "dishes_raw_vegs"."dish_id" = ?[0m  [["dish_id", 5]]
  Rendered data/answer.json.jbuilder (0.1ms)
Completed 200 OK in 15ms (Views: 3.6ms | ActiveRecord: 1.5ms)


Started POST "/data/data" for 127.0.0.1 at 2017-03-26 23:28:01 +0530
Processing by DataController#data as */*
  Parameters: {"vegs"=>{"0"=>"potato", "1"=>"cauliflower"}}
  [1m[35mRawVeg Load (0.2ms)[0m  SELECT  "raw_vegs".* FROM "raw_vegs" WHERE "raw_vegs"."name" IN ('0', 'potato')  ORDER BY "raw_vegs"."id" ASC LIMIT 1
  [1m[36mDish Load (0.3ms)[0m  [1mSELECT "dishes".* FROM "dishes" INNER JOIN "dishes_raw_vegs" ON "dishes"."id" = "dishes_raw_vegs"."dish_id" WHERE "dishes_raw_vegs"."raw_veg_id" = ?[0m  [["raw_veg_id", 11]]
  [1m[35mRawVeg Load (0.2ms)[0m  SELECT "raw_vegs".* FROM "raw_vegs" INNER JOIN "dishes_raw_vegs" ON "raw_vegs"."id" = "dishes_raw_vegs"."raw_veg_id" WHERE "dishes_raw_vegs"."dish_id" = ?  [["dish_id", 5]]
  [1m[36mRawVeg Load (0.2ms)[0m  [1mSELECT  "raw_vegs".* FROM "raw_vegs" WHERE "raw_vegs"."name" IN ('1', 'cauliflower')  ORDER BY "raw_vegs"."id" ASC LIMIT 1[0m
  [1m[35mDish Load (0.1ms)[0m  SELECT "dishes".* FROM "dishes" INNER JOIN "dishes_raw_vegs" ON "dishes"."id" = "dishes_raw_vegs"."dish_id" WHERE "dishes_raw_vegs"."raw_veg_id" = ?  [["raw_veg_id", 12]]
  [1m[36mCACHE (0.0ms)[0m  [1mSELECT "raw_vegs".* FROM "raw_vegs" INNER JOIN "dishes_raw_vegs" ON "raw_vegs"."id" = "dishes_raw_vegs"."raw_veg_id" WHERE "dishes_raw_vegs"."dish_id" = ?[0m  [["dish_id", 5]]
  Rendered data/answer.json.jbuilder (0.1ms)
Completed 200 OK in 50ms (Views: 7.0ms | ActiveRecord: 2.3ms)


Started POST "/data/data" for 127.0.0.1 at 2017-03-26 23:28:34 +0530
Processing by DataController#data as */*
  Parameters: {"vegs"=>{"0"=>"potato", "1"=>"cauliflower"}}
  [1m[35mRawVeg Load (0.1ms)[0m  SELECT  "raw_vegs".* FROM "raw_vegs" WHERE "raw_vegs"."name" IN ('0', 'potato')  ORDER BY "raw_vegs"."id" ASC LIMIT 1
  [1m[36mDish Load (0.2ms)[0m  [1mSELECT "dishes".* FROM "dishes" INNER JOIN "dishes_raw_vegs" ON "dishes"."id" = "dishes_raw_vegs"."dish_id" WHERE "dishes_raw_vegs"."raw_veg_id" = ?[0m  [["raw_veg_id", 11]]
  [1m[35mRawVeg Load (0.2ms)[0m  SELECT "raw_vegs".* FROM "raw_vegs" INNER JOIN "dishes_raw_vegs" ON "raw_vegs"."id" = "dishes_raw_vegs"."raw_veg_id" WHERE "dishes_raw_vegs"."dish_id" = ?  [["dish_id", 5]]
  [1m[36mRawVeg Load (0.1ms)[0m  [1mSELECT  "raw_vegs".* FROM "raw_vegs" WHERE "raw_vegs"."name" IN ('1', 'cauliflower')  ORDER BY "raw_vegs"."id" ASC LIMIT 1[0m
  [1m[35mDish Load (0.1ms)[0m  SELECT "dishes".* FROM "dishes" INNER JOIN "dishes_raw_vegs" ON "dishes"."id" = "dishes_raw_vegs"."dish_id" WHERE "dishes_raw_vegs"."raw_veg_id" = ?  [["raw_veg_id", 12]]
  [1m[36mCACHE (0.0ms)[0m  [1mSELECT "raw_vegs".* FROM "raw_vegs" INNER JOIN "dishes_raw_vegs" ON "raw_vegs"."id" = "dishes_raw_vegs"."raw_veg_id" WHERE "dishes_raw_vegs"."dish_id" = ?[0m  [["dish_id", 5]]
  Rendered data/answer.json.jbuilder (0.1ms)
Completed 200 OK in 46ms (Views: 6.3ms | ActiveRecord: 1.7ms)


Started POST "/data/data" for 127.0.0.1 at 2017-03-26 23:30:03 +0530
Processing by DataController#data as */*
  Parameters: {"vegs"=>{"0"=>"potato", "1"=>"cauliflower"}}
  [1m[35mRawVeg Load (0.2ms)[0m  SELECT  "raw_vegs".* FROM "raw_vegs" WHERE "raw_vegs"."name" IN ('0', 'potato')  ORDER BY "raw_vegs"."id" ASC LIMIT 1
  [1m[36mDish Load (0.2ms)[0m  [1mSELECT "dishes".* FROM "dishes" INNER JOIN "dishes_raw_vegs" ON "dishes"."id" = "dishes_raw_vegs"."dish_id" WHERE "dishes_raw_vegs"."raw_veg_id" = ?[0m  [["raw_veg_id", 11]]
  [1m[35mRawVeg Load (0.2ms)[0m  SELECT "raw_vegs".* FROM "raw_vegs" INNER JOIN "dishes_raw_vegs" ON "raw_vegs"."id" = "dishes_raw_vegs"."raw_veg_id" WHERE "dishes_raw_vegs"."dish_id" = ?  [["dish_id", 5]]
  [1m[36mRawVeg Load (0.1ms)[0m  [1mSELECT  "raw_vegs".* FROM "raw_vegs" WHERE "raw_vegs"."name" IN ('1', 'cauliflower')  ORDER BY "raw_vegs"."id" ASC LIMIT 1[0m
  [1m[35mDish Load (0.1ms)[0m  SELECT "dishes".* FROM "dishes" INNER JOIN "dishes_raw_vegs" ON "dishes"."id" = "dishes_raw_vegs"."dish_id" WHERE "dishes_raw_vegs"."raw_veg_id" = ?  [["raw_veg_id", 12]]
  [1m[36mCACHE (0.0ms)[0m  [1mSELECT "raw_vegs".* FROM "raw_vegs" INNER JOIN "dishes_raw_vegs" ON "raw_vegs"."id" = "dishes_raw_vegs"."raw_veg_id" WHERE "dishes_raw_vegs"."dish_id" = ?[0m  [["dish_id", 5]]
  Rendered data/answer.json.jbuilder (0.1ms)
Completed 200 OK in 44ms (Views: 6.0ms | ActiveRecord: 1.7ms)


Started POST "/data/data" for 127.0.0.1 at 2017-03-26 23:30:42 +0530
Processing by DataController#data as */*
  Parameters: {"vegs"=>{"0"=>"potato", "1"=>"cauliflower"}}
  [1m[35mRawVeg Load (0.2ms)[0m  SELECT  "raw_vegs".* FROM "raw_vegs" WHERE "raw_vegs"."name" IN ('0', 'potato')  ORDER BY "raw_vegs"."id" ASC LIMIT 1
  [1m[36mDish Load (0.2ms)[0m  [1mSELECT "dishes".* FROM "dishes" INNER JOIN "dishes_raw_vegs" ON "dishes"."id" = "dishes_raw_vegs"."dish_id" WHERE "dishes_raw_vegs"."raw_veg_id" = ?[0m  [["raw_veg_id", 11]]
  [1m[35mRawVeg Load (0.2ms)[0m  SELECT "raw_vegs".* FROM "raw_vegs" INNER JOIN "dishes_raw_vegs" ON "raw_vegs"."id" = "dishes_raw_vegs"."raw_veg_id" WHERE "dishes_raw_vegs"."dish_id" = ?  [["dish_id", 5]]
  [1m[36mRawVeg Load (0.1ms)[0m  [1mSELECT  "raw_vegs".* FROM "raw_vegs" WHERE "raw_vegs"."name" IN ('1', 'cauliflower')  ORDER BY "raw_vegs"."id" ASC LIMIT 1[0m
  [1m[35mDish Load (0.4ms)[0m  SELECT "dishes".* FROM "dishes" INNER JOIN "dishes_raw_vegs" ON "dishes"."id" = "dishes_raw_vegs"."dish_id" WHERE "dishes_raw_vegs"."raw_veg_id" = ?  [["raw_veg_id", 12]]
  [1m[36mCACHE (0.0ms)[0m  [1mSELECT "raw_vegs".* FROM "raw_vegs" INNER JOIN "dishes_raw_vegs" ON "raw_vegs"."id" = "dishes_raw_vegs"."raw_veg_id" WHERE "dishes_raw_vegs"."dish_id" = ?[0m  [["dish_id", 5]]
  Rendered data/answer.json.jbuilder (0.1ms)
Completed 200 OK in 50ms (Views: 5.4ms | ActiveRecord: 2.2ms)


Started POST "/data/data" for 127.0.0.1 at 2017-03-26 23:31:00 +0530
Processing by DataController#data as */*
  Parameters: {"vegs"=>{"0"=>"potato", "1"=>"cauliflower"}}
  [1m[35mRawVeg Load (0.1ms)[0m  SELECT  "raw_vegs".* FROM "raw_vegs" WHERE "raw_vegs"."name" = ?  ORDER BY "raw_vegs"."id" ASC LIMIT 1  [["name", "potato"]]
  [1m[36mDish Load (0.2ms)[0m  [1mSELECT "dishes".* FROM "dishes" INNER JOIN "dishes_raw_vegs" ON "dishes"."id" = "dishes_raw_vegs"."dish_id" WHERE "dishes_raw_vegs"."raw_veg_id" = ?[0m  [["raw_veg_id", 11]]
  [1m[35mRawVeg Load (0.2ms)[0m  SELECT "raw_vegs".* FROM "raw_vegs" INNER JOIN "dishes_raw_vegs" ON "raw_vegs"."id" = "dishes_raw_vegs"."raw_veg_id" WHERE "dishes_raw_vegs"."dish_id" = ?  [["dish_id", 5]]
  [1m[36mRawVeg Load (0.1ms)[0m  [1mSELECT  "raw_vegs".* FROM "raw_vegs" WHERE "raw_vegs"."name" = ?  ORDER BY "raw_vegs"."id" ASC LIMIT 1[0m  [["name", "cauliflower"]]
  [1m[35mDish Load (0.1ms)[0m  SELECT "dishes".* FROM "dishes" INNER JOIN "dishes_raw_vegs" ON "dishes"."id" = "dishes_raw_vegs"."dish_id" WHERE "dishes_raw_vegs"."raw_veg_id" = ?  [["raw_veg_id", 12]]
  [1m[36mCACHE (0.0ms)[0m  [1mSELECT "raw_vegs".* FROM "raw_vegs" INNER JOIN "dishes_raw_vegs" ON "raw_vegs"."id" = "dishes_raw_vegs"."raw_veg_id" WHERE "dishes_raw_vegs"."dish_id" = ?[0m  [["dish_id", 5]]
  Rendered data/answer.json.jbuilder (0.1ms)
Completed 200 OK in 63ms (Views: 13.6ms | ActiveRecord: 2.1ms)


Started POST "/data/data" for 127.0.0.1 at 2017-03-26 23:31:47 +0530
Processing by DataController#data as */*
  Parameters: {"vegs"=>{"0"=>"potato", "1"=>"cauliflower"}}
  [1m[35mRawVeg Load (0.2ms)[0m  SELECT  "raw_vegs".* FROM "raw_vegs" WHERE "raw_vegs"."name" = ?  ORDER BY "raw_vegs"."id" ASC LIMIT 1  [["name", "potato"]]
  [1m[36mDish Load (1.1ms)[0m  [1mSELECT "dishes".* FROM "dishes" INNER JOIN "dishes_raw_vegs" ON "dishes"."id" = "dishes_raw_vegs"."dish_id" WHERE "dishes_raw_vegs"."raw_veg_id" = ?[0m  [["raw_veg_id", 11]]
  [1m[35mRawVeg Load (0.2ms)[0m  SELECT "raw_vegs".* FROM "raw_vegs" INNER JOIN "dishes_raw_vegs" ON "raw_vegs"."id" = "dishes_raw_vegs"."raw_veg_id" WHERE "dishes_raw_vegs"."dish_id" = ?  [["dish_id", 5]]
  [1m[36mRawVeg Load (0.1ms)[0m  [1mSELECT  "raw_vegs".* FROM "raw_vegs" WHERE "raw_vegs"."name" = ?  ORDER BY "raw_vegs"."id" ASC LIMIT 1[0m  [["name", "cauliflower"]]
  [1m[35mDish Load (0.1ms)[0m  SELECT "dishes".* FROM "dishes" INNER JOIN "dishes_raw_vegs" ON "dishes"."id" = "dishes_raw_vegs"."dish_id" WHERE "dishes_raw_vegs"."raw_veg_id" = ?  [["raw_veg_id", 12]]
  [1m[36mCACHE (0.0ms)[0m  [1mSELECT "raw_vegs".* FROM "raw_vegs" INNER JOIN "dishes_raw_vegs" ON "raw_vegs"."id" = "dishes_raw_vegs"."raw_veg_id" WHERE "dishes_raw_vegs"."dish_id" = ?[0m  [["dish_id", 5]]
  Rendered data/answer.json.jbuilder (0.1ms)
Completed 200 OK in 51ms (Views: 5.4ms | ActiveRecord: 3.3ms)


Started POST "/data/data" for 127.0.0.1 at 2017-03-26 23:32:55 +0530
Processing by DataController#data as */*
  Parameters: {"vegs"=>{"0"=>"potato", "1"=>"cauliflower"}}
  [1m[35mRawVeg Load (0.2ms)[0m  SELECT  "raw_vegs".* FROM "raw_vegs" WHERE "raw_vegs"."name" = ?  ORDER BY "raw_vegs"."id" ASC LIMIT 1  [["name", "potato"]]
  [1m[36mDish Load (0.2ms)[0m  [1mSELECT "dishes".* FROM "dishes" INNER JOIN "dishes_raw_vegs" ON "dishes"."id" = "dishes_raw_vegs"."dish_id" WHERE "dishes_raw_vegs"."raw_veg_id" = ?[0m  [["raw_veg_id", 11]]
  [1m[35mRawVeg Load (0.7ms)[0m  SELECT "raw_vegs".* FROM "raw_vegs" INNER JOIN "dishes_raw_vegs" ON "raw_vegs"."id" = "dishes_raw_vegs"."raw_veg_id" WHERE "dishes_raw_vegs"."dish_id" = ?  [["dish_id", 5]]
  [1m[36mRawVeg Load (0.1ms)[0m  [1mSELECT  "raw_vegs".* FROM "raw_vegs" WHERE "raw_vegs"."name" = ?  ORDER BY "raw_vegs"."id" ASC LIMIT 1[0m  [["name", "cauliflower"]]
  [1m[35mDish Load (0.1ms)[0m  SELECT "dishes".* FROM "dishes" INNER JOIN "dishes_raw_vegs" ON "dishes"."id" = "dishes_raw_vegs"."dish_id" WHERE "dishes_raw_vegs"."raw_veg_id" = ?  [["raw_veg_id", 12]]
  [1m[36mCACHE (0.0ms)[0m  [1mSELECT "raw_vegs".* FROM "raw_vegs" INNER JOIN "dishes_raw_vegs" ON "raw_vegs"."id" = "dishes_raw_vegs"."raw_veg_id" WHERE "dishes_raw_vegs"."dish_id" = ?[0m  [["dish_id", 5]]
  Rendered data/answer.json.jbuilder (0.2ms)
Completed 200 OK in 40ms (Views: 5.4ms | ActiveRecord: 2.0ms)


Started POST "/data/data" for 127.0.0.1 at 2017-03-26 23:34:45 +0530
Processing by DataController#data as */*
  Parameters: {"vegs"=>{"0"=>"potato", "1"=>"cauliflower"}}
  [1m[35mRawVeg Load (0.1ms)[0m  SELECT  "raw_vegs".* FROM "raw_vegs" WHERE "raw_vegs"."name" = ?  ORDER BY "raw_vegs"."id" ASC LIMIT 1  [["name", "potato"]]
  [1m[36mDish Load (0.3ms)[0m  [1mSELECT "dishes".* FROM "dishes" INNER JOIN "dishes_raw_vegs" ON "dishes"."id" = "dishes_raw_vegs"."dish_id" WHERE "dishes_raw_vegs"."raw_veg_id" = ?[0m  [["raw_veg_id", 11]]
  [1m[35mRawVeg Load (0.2ms)[0m  SELECT "raw_vegs".* FROM "raw_vegs" INNER JOIN "dishes_raw_vegs" ON "raw_vegs"."id" = "dishes_raw_vegs"."raw_veg_id" WHERE "dishes_raw_vegs"."dish_id" = ?  [["dish_id", 5]]
  [1m[36mRawVeg Load (0.1ms)[0m  [1mSELECT  "raw_vegs".* FROM "raw_vegs" WHERE "raw_vegs"."name" = ?  ORDER BY "raw_vegs"."id" ASC LIMIT 1[0m  [["name", "cauliflower"]]
  [1m[35mDish Load (0.1ms)[0m  SELECT "dishes".* FROM "dishes" INNER JOIN "dishes_raw_vegs" ON "dishes"."id" = "dishes_raw_vegs"."dish_id" WHERE "dishes_raw_vegs"."raw_veg_id" = ?  [["raw_veg_id", 12]]
  [1m[36mCACHE (0.0ms)[0m  [1mSELECT "raw_vegs".* FROM "raw_vegs" INNER JOIN "dishes_raw_vegs" ON "raw_vegs"."id" = "dishes_raw_vegs"."raw_veg_id" WHERE "dishes_raw_vegs"."dish_id" = ?[0m  [["dish_id", 5]]
  Rendered data/answer.json.jbuilder (0.1ms)
Completed 200 OK in 43ms (Views: 6.0ms | ActiveRecord: 1.8ms)


Started POST "/data/data" for 127.0.0.1 at 2017-03-26 23:35:19 +0530
Processing by DataController#data as */*
  Parameters: {"vegs"=>{"0"=>"potato", "1"=>"cauliflower"}}
  [1m[35mRawVeg Load (0.1ms)[0m  SELECT  "raw_vegs".* FROM "raw_vegs" WHERE "raw_vegs"."name" = ?  ORDER BY "raw_vegs"."id" ASC LIMIT 1  [["name", "potato"]]
  [1m[36mDish Load (0.3ms)[0m  [1mSELECT "dishes".* FROM "dishes" INNER JOIN "dishes_raw_vegs" ON "dishes"."id" = "dishes_raw_vegs"."dish_id" WHERE "dishes_raw_vegs"."raw_veg_id" = ?[0m  [["raw_veg_id", 11]]
  [1m[35mRawVeg Load (0.3ms)[0m  SELECT "raw_vegs".* FROM "raw_vegs" INNER JOIN "dishes_raw_vegs" ON "raw_vegs"."id" = "dishes_raw_vegs"."raw_veg_id" WHERE "dishes_raw_vegs"."dish_id" = ?  [["dish_id", 5]]
  [1m[36mRawVeg Load (0.1ms)[0m  [1mSELECT  "raw_vegs".* FROM "raw_vegs" WHERE "raw_vegs"."name" = ?  ORDER BY "raw_vegs"."id" ASC LIMIT 1[0m  [["name", "cauliflower"]]
  [1m[35mDish Load (0.1ms)[0m  SELECT "dishes".* FROM "dishes" INNER JOIN "dishes_raw_vegs" ON "dishes"."id" = "dishes_raw_vegs"."dish_id" WHERE "dishes_raw_vegs"."raw_veg_id" = ?  [["raw_veg_id", 12]]
  [1m[36mCACHE (0.0ms)[0m  [1mSELECT "raw_vegs".* FROM "raw_vegs" INNER JOIN "dishes_raw_vegs" ON "raw_vegs"."id" = "dishes_raw_vegs"."raw_veg_id" WHERE "dishes_raw_vegs"."dish_id" = ?[0m  [["dish_id", 5]]
Completed 500 Internal Server Error in 39ms (ActiveRecord: 1.8ms)

NameError (undefined local variable or method `finalAnswer' for #<DataController:0x007f21ad225148>):
  app/controllers/data_controller.rb:57:in `block in data'
  app/controllers/data_controller.rb:55:in `each'
  app/controllers/data_controller.rb:55:in `data'


  Rendered /usr/lib/ruby/vendor_ruby/action_dispatch/middleware/templates/rescues/_source.erb (3.8ms)
  Rendered /usr/lib/ruby/vendor_ruby/action_dispatch/middleware/templates/rescues/_trace.html.erb (1.6ms)
  Rendered /usr/lib/ruby/vendor_ruby/action_dispatch/middleware/templates/rescues/_request_and_response.html.erb (0.8ms)
  Rendered /usr/lib/ruby/vendor_ruby/action_dispatch/middleware/templates/rescues/diagnostics.html.erb within rescues/layout (20.0ms)
  Rendered /var/lib/gems/2.3.0/gems/web-console-2.3.0/lib/web_console/templates/_markup.html.erb (0.3ms)
  Rendered /var/lib/gems/2.3.0/gems/web-console-2.3.0/lib/web_console/templates/_inner_console_markup.html.erb within layouts/inlined_string (0.2ms)
  Rendered /var/lib/gems/2.3.0/gems/web-console-2.3.0/lib/web_console/templates/_prompt_box_markup.html.erb within layouts/inlined_string (0.4ms)
  Rendered /var/lib/gems/2.3.0/gems/web-console-2.3.0/lib/web_console/templates/style.css.erb within layouts/inlined_string (0.3ms)
  Rendered /var/lib/gems/2.3.0/gems/web-console-2.3.0/lib/web_console/templates/console.js.erb within layouts/javascript (16.8ms)
  Rendered /var/lib/gems/2.3.0/gems/web-console-2.3.0/lib/web_console/templates/main.js.erb within layouts/javascript (0.2ms)
  Rendered /var/lib/gems/2.3.0/gems/web-console-2.3.0/lib/web_console/templates/error_page.js.erb within layouts/javascript (0.3ms)
  Rendered /var/lib/gems/2.3.0/gems/web-console-2.3.0/lib/web_console/templates/index.html.erb (32.5ms)


Started POST "/data/data" for 127.0.0.1 at 2017-03-26 23:35:35 +0530
Processing by DataController#data as */*
  Parameters: {"vegs"=>{"0"=>"potato", "1"=>"cauliflower"}}
  [1m[35mRawVeg Load (0.2ms)[0m  SELECT  "raw_vegs".* FROM "raw_vegs" WHERE "raw_vegs"."name" = ?  ORDER BY "raw_vegs"."id" ASC LIMIT 1  [["name", "potato"]]
  [1m[36mDish Load (0.2ms)[0m  [1mSELECT "dishes".* FROM "dishes" INNER JOIN "dishes_raw_vegs" ON "dishes"."id" = "dishes_raw_vegs"."dish_id" WHERE "dishes_raw_vegs"."raw_veg_id" = ?[0m  [["raw_veg_id", 11]]
  [1m[35mRawVeg Load (0.2ms)[0m  SELECT "raw_vegs".* FROM "raw_vegs" INNER JOIN "dishes_raw_vegs" ON "raw_vegs"."id" = "dishes_raw_vegs"."raw_veg_id" WHERE "dishes_raw_vegs"."dish_id" = ?  [["dish_id", 5]]
  [1m[36mRawVeg Load (0.1ms)[0m  [1mSELECT  "raw_vegs".* FROM "raw_vegs" WHERE "raw_vegs"."name" = ?  ORDER BY "raw_vegs"."id" ASC LIMIT 1[0m  [["name", "cauliflower"]]
  [1m[35mDish Load (0.2ms)[0m  SELECT "dishes".* FROM "dishes" INNER JOIN "dishes_raw_vegs" ON "dishes"."id" = "dishes_raw_vegs"."dish_id" WHERE "dishes_raw_vegs"."raw_veg_id" = ?  [["raw_veg_id", 12]]
  [1m[36mCACHE (0.0ms)[0m  [1mSELECT "raw_vegs".* FROM "raw_vegs" INNER JOIN "dishes_raw_vegs" ON "raw_vegs"."id" = "dishes_raw_vegs"."raw_veg_id" WHERE "dishes_raw_vegs"."dish_id" = ?[0m  [["dish_id", 5]]
  Rendered data/answer.json.jbuilder (0.7ms)
Completed 200 OK in 49ms (Views: 5.6ms | ActiveRecord: 2.4ms)


Started POST "/data/data" for 127.0.0.1 at 2017-03-26 23:42:42 +0530
Processing by DataController#data as */*
  Parameters: {"vegs"=>{"0"=>"potato", "1"=>"cauliflower"}}
  [1m[35mRawVeg Load (0.2ms)[0m  SELECT  "raw_vegs".* FROM "raw_vegs" WHERE "raw_vegs"."name" = ?  ORDER BY "raw_vegs"."id" ASC LIMIT 1  [["name", "potato"]]
  [1m[36mDish Load (0.2ms)[0m  [1mSELECT "dishes".* FROM "dishes" INNER JOIN "dishes_raw_vegs" ON "dishes"."id" = "dishes_raw_vegs"."dish_id" WHERE "dishes_raw_vegs"."raw_veg_id" = ?[0m  [["raw_veg_id", 11]]
  [1m[35mRawVeg Load (0.2ms)[0m  SELECT "raw_vegs".* FROM "raw_vegs" INNER JOIN "dishes_raw_vegs" ON "raw_vegs"."id" = "dishes_raw_vegs"."raw_veg_id" WHERE "dishes_raw_vegs"."dish_id" = ?  [["dish_id", 5]]
  [1m[36mRawVeg Load (0.1ms)[0m  [1mSELECT  "raw_vegs".* FROM "raw_vegs" WHERE "raw_vegs"."name" = ?  ORDER BY "raw_vegs"."id" ASC LIMIT 1[0m  [["name", "cauliflower"]]
  [1m[35mDish Load (0.1ms)[0m  SELECT "dishes".* FROM "dishes" INNER JOIN "dishes_raw_vegs" ON "dishes"."id" = "dishes_raw_vegs"."dish_id" WHERE "dishes_raw_vegs"."raw_veg_id" = ?  [["raw_veg_id", 12]]
  [1m[36mCACHE (0.0ms)[0m  [1mSELECT "raw_vegs".* FROM "raw_vegs" INNER JOIN "dishes_raw_vegs" ON "raw_vegs"."id" = "dishes_raw_vegs"."raw_veg_id" WHERE "dishes_raw_vegs"."dish_id" = ?[0m  [["dish_id", 5]]
  Rendered data/answer.json.jbuilder (0.5ms)
Completed 200 OK in 40ms (Views: 5.4ms | ActiveRecord: 1.5ms)


Started POST "/data/data" for 127.0.0.1 at 2017-03-26 23:44:15 +0530
Processing by DataController#data as */*
  Parameters: {"vegs"=>{"0"=>"potato", "1"=>"cauliflower"}}
  [1m[35mRawVeg Load (0.1ms)[0m  SELECT  "raw_vegs".* FROM "raw_vegs" WHERE "raw_vegs"."name" = ?  ORDER BY "raw_vegs"."id" ASC LIMIT 1  [["name", "potato"]]
  [1m[36mDish Load (0.2ms)[0m  [1mSELECT "dishes".* FROM "dishes" INNER JOIN "dishes_raw_vegs" ON "dishes"."id" = "dishes_raw_vegs"."dish_id" WHERE "dishes_raw_vegs"."raw_veg_id" = ?[0m  [["raw_veg_id", 11]]
  [1m[35mRawVeg Load (0.2ms)[0m  SELECT "raw_vegs".* FROM "raw_vegs" INNER JOIN "dishes_raw_vegs" ON "raw_vegs"."id" = "dishes_raw_vegs"."raw_veg_id" WHERE "dishes_raw_vegs"."dish_id" = ?  [["dish_id", 5]]
  [1m[36mRawVeg Load (0.7ms)[0m  [1mSELECT  "raw_vegs".* FROM "raw_vegs" WHERE "raw_vegs"."name" = ?  ORDER BY "raw_vegs"."id" ASC LIMIT 1[0m  [["name", "cauliflower"]]
  [1m[35mDish Load (0.1ms)[0m  SELECT "dishes".* FROM "dishes" INNER JOIN "dishes_raw_vegs" ON "dishes"."id" = "dishes_raw_vegs"."dish_id" WHERE "dishes_raw_vegs"."raw_veg_id" = ?  [["raw_veg_id", 12]]
  [1m[36mCACHE (0.0ms)[0m  [1mSELECT "raw_vegs".* FROM "raw_vegs" INNER JOIN "dishes_raw_vegs" ON "raw_vegs"."id" = "dishes_raw_vegs"."raw_veg_id" WHERE "dishes_raw_vegs"."dish_id" = ?[0m  [["dish_id", 5]]
  Rendered data/answer.json.jbuilder (0.8ms)
Completed 200 OK in 40ms (Views: 6.0ms | ActiveRecord: 2.3ms)


Started POST "/data/data" for 127.0.0.1 at 2017-03-26 23:45:49 +0530
Processing by DataController#data as */*
  Parameters: {"vegs"=>{"0"=>"potato", "1"=>"cauliflower"}}
  [1m[35mRawVeg Load (0.1ms)[0m  SELECT  "raw_vegs".* FROM "raw_vegs" WHERE "raw_vegs"."name" = ?  ORDER BY "raw_vegs"."id" ASC LIMIT 1  [["name", "potato"]]
  [1m[36mDish Load (0.1ms)[0m  [1mSELECT "dishes".* FROM "dishes" INNER JOIN "dishes_raw_vegs" ON "dishes"."id" = "dishes_raw_vegs"."dish_id" WHERE "dishes_raw_vegs"."raw_veg_id" = ?[0m  [["raw_veg_id", 11]]
  [1m[35mRawVeg Load (0.2ms)[0m  SELECT "raw_vegs".* FROM "raw_vegs" INNER JOIN "dishes_raw_vegs" ON "raw_vegs"."id" = "dishes_raw_vegs"."raw_veg_id" WHERE "dishes_raw_vegs"."dish_id" = ?  [["dish_id", 5]]
  [1m[36mRawVeg Load (0.1ms)[0m  [1mSELECT  "raw_vegs".* FROM "raw_vegs" WHERE "raw_vegs"."name" = ?  ORDER BY "raw_vegs"."id" ASC LIMIT 1[0m  [["name", "cauliflower"]]
  [1m[35mDish Load (0.1ms)[0m  SELECT "dishes".* FROM "dishes" INNER JOIN "dishes_raw_vegs" ON "dishes"."id" = "dishes_raw_vegs"."dish_id" WHERE "dishes_raw_vegs"."raw_veg_id" = ?  [["raw_veg_id", 12]]
  [1m[36mCACHE (0.0ms)[0m  [1mSELECT "raw_vegs".* FROM "raw_vegs" INNER JOIN "dishes_raw_vegs" ON "raw_vegs"."id" = "dishes_raw_vegs"."raw_veg_id" WHERE "dishes_raw_vegs"."dish_id" = ?[0m  [["dish_id", 5]]
  Rendered data/answer.json.jbuilder (0.5ms)
Completed 200 OK in 45ms (Views: 5.7ms | ActiveRecord: 1.4ms)


Started POST "/data/data" for 127.0.0.1 at 2017-03-26 23:48:36 +0530
Processing by DataController#data as */*
  Parameters: {"vegs"=>{"0"=>"potato", "1"=>"cauliflower"}}
  [1m[35mRawVeg Load (0.1ms)[0m  SELECT  "raw_vegs".* FROM "raw_vegs" WHERE "raw_vegs"."name" = ?  ORDER BY "raw_vegs"."id" ASC LIMIT 1  [["name", "potato"]]
  [1m[36mDish Load (0.3ms)[0m  [1mSELECT "dishes".* FROM "dishes" INNER JOIN "dishes_raw_vegs" ON "dishes"."id" = "dishes_raw_vegs"."dish_id" WHERE "dishes_raw_vegs"."raw_veg_id" = ?[0m  [["raw_veg_id", 11]]
  [1m[35mRawVeg Load (0.2ms)[0m  SELECT "raw_vegs".* FROM "raw_vegs" INNER JOIN "dishes_raw_vegs" ON "raw_vegs"."id" = "dishes_raw_vegs"."raw_veg_id" WHERE "dishes_raw_vegs"."dish_id" = ?  [["dish_id", 5]]
  [1m[36mRawVeg Load (0.1ms)[0m  [1mSELECT  "raw_vegs".* FROM "raw_vegs" WHERE "raw_vegs"."name" = ?  ORDER BY "raw_vegs"."id" ASC LIMIT 1[0m  [["name", "cauliflower"]]
  [1m[35mDish Load (0.1ms)[0m  SELECT "dishes".* FROM "dishes" INNER JOIN "dishes_raw_vegs" ON "dishes"."id" = "dishes_raw_vegs"."dish_id" WHERE "dishes_raw_vegs"."raw_veg_id" = ?  [["raw_veg_id", 12]]
  [1m[36mCACHE (0.0ms)[0m  [1mSELECT "raw_vegs".* FROM "raw_vegs" INNER JOIN "dishes_raw_vegs" ON "raw_vegs"."id" = "dishes_raw_vegs"."raw_veg_id" WHERE "dishes_raw_vegs"."dish_id" = ?[0m  [["dish_id", 5]]
  Rendered data/answer.json.jbuilder (0.6ms)
Completed 200 OK in 41ms (Views: 6.0ms | ActiveRecord: 1.9ms)


Started POST "/data/data" for 127.0.0.1 at 2017-03-26 23:50:20 +0530
Processing by DataController#data as */*
  Parameters: {"vegs"=>{"0"=>"potato", "1"=>"cauliflower"}}
  [1m[35mRawVeg Load (0.1ms)[0m  SELECT  "raw_vegs".* FROM "raw_vegs" WHERE "raw_vegs"."name" = ?  ORDER BY "raw_vegs"."id" ASC LIMIT 1  [["name", "potato"]]
  [1m[36mDish Load (0.2ms)[0m  [1mSELECT "dishes".* FROM "dishes" INNER JOIN "dishes_raw_vegs" ON "dishes"."id" = "dishes_raw_vegs"."dish_id" WHERE "dishes_raw_vegs"."raw_veg_id" = ?[0m  [["raw_veg_id", 11]]
  [1m[35mRawVeg Load (0.2ms)[0m  SELECT "raw_vegs".* FROM "raw_vegs" INNER JOIN "dishes_raw_vegs" ON "raw_vegs"."id" = "dishes_raw_vegs"."raw_veg_id" WHERE "dishes_raw_vegs"."dish_id" = ?  [["dish_id", 5]]
  [1m[36mRawVeg Load (0.1ms)[0m  [1mSELECT  "raw_vegs".* FROM "raw_vegs" WHERE "raw_vegs"."name" = ?  ORDER BY "raw_vegs"."id" ASC LIMIT 1[0m  [["name", "cauliflower"]]
  [1m[35mDish Load (0.1ms)[0m  SELECT "dishes".* FROM "dishes" INNER JOIN "dishes_raw_vegs" ON "dishes"."id" = "dishes_raw_vegs"."dish_id" WHERE "dishes_raw_vegs"."raw_veg_id" = ?  [["raw_veg_id", 12]]
  [1m[36mCACHE (0.0ms)[0m  [1mSELECT "raw_vegs".* FROM "raw_vegs" INNER JOIN "dishes_raw_vegs" ON "raw_vegs"."id" = "dishes_raw_vegs"."raw_veg_id" WHERE "dishes_raw_vegs"."dish_id" = ?[0m  [["dish_id", 5]]
  Rendered data/answer.json.jbuilder (0.8ms)
Completed 200 OK in 41ms (Views: 5.9ms | ActiveRecord: 1.3ms)


Started POST "/data/data" for 127.0.0.1 at 2017-03-26 23:52:22 +0530
Processing by DataController#data as */*
  Parameters: {"vegs"=>{"0"=>"potato", "1"=>"cauliflower"}}
  [1m[35mRawVeg Load (0.3ms)[0m  SELECT  "raw_vegs".* FROM "raw_vegs" WHERE "raw_vegs"."name" = ?  ORDER BY "raw_vegs"."id" ASC LIMIT 1  [["name", "potato"]]
  [1m[36mDish Load (0.2ms)[0m  [1mSELECT "dishes".* FROM "dishes" INNER JOIN "dishes_raw_vegs" ON "dishes"."id" = "dishes_raw_vegs"."dish_id" WHERE "dishes_raw_vegs"."raw_veg_id" = ?[0m  [["raw_veg_id", 11]]
  [1m[35mRawVeg Load (0.2ms)[0m  SELECT "raw_vegs".* FROM "raw_vegs" INNER JOIN "dishes_raw_vegs" ON "raw_vegs"."id" = "dishes_raw_vegs"."raw_veg_id" WHERE "dishes_raw_vegs"."dish_id" = ?  [["dish_id", 5]]
  [1m[36mRawVeg Load (0.1ms)[0m  [1mSELECT  "raw_vegs".* FROM "raw_vegs" WHERE "raw_vegs"."name" = ?  ORDER BY "raw_vegs"."id" ASC LIMIT 1[0m  [["name", "cauliflower"]]
  [1m[35mDish Load (0.1ms)[0m  SELECT "dishes".* FROM "dishes" INNER JOIN "dishes_raw_vegs" ON "dishes"."id" = "dishes_raw_vegs"."dish_id" WHERE "dishes_raw_vegs"."raw_veg_id" = ?  [["raw_veg_id", 12]]
  [1m[36mCACHE (0.0ms)[0m  [1mSELECT "raw_vegs".* FROM "raw_vegs" INNER JOIN "dishes_raw_vegs" ON "raw_vegs"."id" = "dishes_raw_vegs"."raw_veg_id" WHERE "dishes_raw_vegs"."dish_id" = ?[0m  [["dish_id", 5]]
  Rendered data/answer.json.jbuilder (0.6ms)
Completed 200 OK in 47ms (Views: 5.8ms | ActiveRecord: 2.6ms)


Started POST "/data/data" for 127.0.0.1 at 2017-03-26 23:52:50 +0530
Processing by DataController#data as */*
  Parameters: {"vegs"=>{"0"=>"potato", "1"=>"cauliflower"}}
  [1m[35mRawVeg Load (0.1ms)[0m  SELECT  "raw_vegs".* FROM "raw_vegs" WHERE "raw_vegs"."name" = ?  ORDER BY "raw_vegs"."id" ASC LIMIT 1  [["name", "potato"]]
  [1m[36mDish Load (0.2ms)[0m  [1mSELECT "dishes".* FROM "dishes" INNER JOIN "dishes_raw_vegs" ON "dishes"."id" = "dishes_raw_vegs"."dish_id" WHERE "dishes_raw_vegs"."raw_veg_id" = ?[0m  [["raw_veg_id", 11]]
  [1m[35mRawVeg Load (0.2ms)[0m  SELECT "raw_vegs".* FROM "raw_vegs" INNER JOIN "dishes_raw_vegs" ON "raw_vegs"."id" = "dishes_raw_vegs"."raw_veg_id" WHERE "dishes_raw_vegs"."dish_id" = ?  [["dish_id", 5]]
  [1m[36mRawVeg Load (0.3ms)[0m  [1mSELECT  "raw_vegs".* FROM "raw_vegs" WHERE "raw_vegs"."name" = ?  ORDER BY "raw_vegs"."id" ASC LIMIT 1[0m  [["name", "cauliflower"]]
  [1m[35mDish Load (0.1ms)[0m  SELECT "dishes".* FROM "dishes" INNER JOIN "dishes_raw_vegs" ON "dishes"."id" = "dishes_raw_vegs"."dish_id" WHERE "dishes_raw_vegs"."raw_veg_id" = ?  [["raw_veg_id", 12]]
  [1m[36mCACHE (0.0ms)[0m  [1mSELECT "raw_vegs".* FROM "raw_vegs" INNER JOIN "dishes_raw_vegs" ON "raw_vegs"."id" = "dishes_raw_vegs"."raw_veg_id" WHERE "dishes_raw_vegs"."dish_id" = ?[0m  [["dish_id", 5]]
  Rendered data/answer.json.jbuilder (0.6ms)
Completed 200 OK in 40ms (Views: 5.8ms | ActiveRecord: 1.6ms)


Started POST "/data/data" for 127.0.0.1 at 2017-03-26 23:53:30 +0530
Processing by DataController#data as */*
  Parameters: {"vegs"=>{"0"=>"potato", "1"=>"cauliflower"}}
  [1m[35mRawVeg Load (0.1ms)[0m  SELECT  "raw_vegs".* FROM "raw_vegs" WHERE "raw_vegs"."name" = ?  ORDER BY "raw_vegs"."id" ASC LIMIT 1  [["name", "potato"]]
  [1m[36mDish Load (0.5ms)[0m  [1mSELECT "dishes".* FROM "dishes" INNER JOIN "dishes_raw_vegs" ON "dishes"."id" = "dishes_raw_vegs"."dish_id" WHERE "dishes_raw_vegs"."raw_veg_id" = ?[0m  [["raw_veg_id", 11]]
  [1m[35mRawVeg Load (0.2ms)[0m  SELECT "raw_vegs".* FROM "raw_vegs" INNER JOIN "dishes_raw_vegs" ON "raw_vegs"."id" = "dishes_raw_vegs"."raw_veg_id" WHERE "dishes_raw_vegs"."dish_id" = ?  [["dish_id", 5]]
  [1m[36mRawVeg Load (0.1ms)[0m  [1mSELECT  "raw_vegs".* FROM "raw_vegs" WHERE "raw_vegs"."name" = ?  ORDER BY "raw_vegs"."id" ASC LIMIT 1[0m  [["name", "cauliflower"]]
  [1m[35mDish Load (0.1ms)[0m  SELECT "dishes".* FROM "dishes" INNER JOIN "dishes_raw_vegs" ON "dishes"."id" = "dishes_raw_vegs"."dish_id" WHERE "dishes_raw_vegs"."raw_veg_id" = ?  [["raw_veg_id", 12]]
  [1m[36mCACHE (0.0ms)[0m  [1mSELECT "raw_vegs".* FROM "raw_vegs" INNER JOIN "dishes_raw_vegs" ON "raw_vegs"."id" = "dishes_raw_vegs"."raw_veg_id" WHERE "dishes_raw_vegs"."dish_id" = ?[0m  [["dish_id", 5]]
  Rendered data/answer.json.jbuilder (0.7ms)
Completed 200 OK in 43ms (Views: 6.6ms | ActiveRecord: 2.0ms)


Started POST "/data/data" for 127.0.0.1 at 2017-03-26 23:53:59 +0530
Processing by DataController#data as */*
  Parameters: {"vegs"=>{"0"=>"potato", "1"=>"cauliflower"}}
  [1m[35mRawVeg Load (0.1ms)[0m  SELECT  "raw_vegs".* FROM "raw_vegs" WHERE "raw_vegs"."name" = ?  ORDER BY "raw_vegs"."id" ASC LIMIT 1  [["name", "potato"]]
  [1m[36mDish Load (0.2ms)[0m  [1mSELECT "dishes".* FROM "dishes" INNER JOIN "dishes_raw_vegs" ON "dishes"."id" = "dishes_raw_vegs"."dish_id" WHERE "dishes_raw_vegs"."raw_veg_id" = ?[0m  [["raw_veg_id", 11]]
  [1m[35mRawVeg Load (0.7ms)[0m  SELECT "raw_vegs".* FROM "raw_vegs" INNER JOIN "dishes_raw_vegs" ON "raw_vegs"."id" = "dishes_raw_vegs"."raw_veg_id" WHERE "dishes_raw_vegs"."dish_id" = ?  [["dish_id", 5]]
  [1m[36mRawVeg Load (0.1ms)[0m  [1mSELECT  "raw_vegs".* FROM "raw_vegs" WHERE "raw_vegs"."name" = ?  ORDER BY "raw_vegs"."id" ASC LIMIT 1[0m  [["name", "cauliflower"]]
  [1m[35mDish Load (0.1ms)[0m  SELECT "dishes".* FROM "dishes" INNER JOIN "dishes_raw_vegs" ON "dishes"."id" = "dishes_raw_vegs"."dish_id" WHERE "dishes_raw_vegs"."raw_veg_id" = ?  [["raw_veg_id", 12]]
  [1m[36mCACHE (0.0ms)[0m  [1mSELECT "raw_vegs".* FROM "raw_vegs" INNER JOIN "dishes_raw_vegs" ON "raw_vegs"."id" = "dishes_raw_vegs"."raw_veg_id" WHERE "dishes_raw_vegs"."dish_id" = ?[0m  [["dish_id", 5]]
  Rendered data/answer.json.jbuilder (0.6ms)
Completed 200 OK in 42ms (Views: 5.7ms | ActiveRecord: 2.0ms)


Started POST "/data/data" for 127.0.0.1 at 2017-03-26 23:54:39 +0530
Processing by DataController#data as */*
  Parameters: {"vegs"=>{"0"=>"potato", "1"=>"cauliflower"}}
  [1m[35mRawVeg Load (0.2ms)[0m  SELECT  "raw_vegs".* FROM "raw_vegs" WHERE "raw_vegs"."name" = ?  ORDER BY "raw_vegs"."id" ASC LIMIT 1  [["name", "potato"]]
  [1m[36mDish Load (0.3ms)[0m  [1mSELECT "dishes".* FROM "dishes" INNER JOIN "dishes_raw_vegs" ON "dishes"."id" = "dishes_raw_vegs"."dish_id" WHERE "dishes_raw_vegs"."raw_veg_id" = ?[0m  [["raw_veg_id", 11]]
  [1m[35mRawVeg Load (0.2ms)[0m  SELECT "raw_vegs".* FROM "raw_vegs" INNER JOIN "dishes_raw_vegs" ON "raw_vegs"."id" = "dishes_raw_vegs"."raw_veg_id" WHERE "dishes_raw_vegs"."dish_id" = ?  [["dish_id", 5]]
  [1m[36mRawVeg Load (0.1ms)[0m  [1mSELECT  "raw_vegs".* FROM "raw_vegs" WHERE "raw_vegs"."name" = ?  ORDER BY "raw_vegs"."id" ASC LIMIT 1[0m  [["name", "cauliflower"]]
  [1m[35mDish Load (0.1ms)[0m  SELECT "dishes".* FROM "dishes" INNER JOIN "dishes_raw_vegs" ON "dishes"."id" = "dishes_raw_vegs"."dish_id" WHERE "dishes_raw_vegs"."raw_veg_id" = ?  [["raw_veg_id", 12]]
  [1m[36mCACHE (0.0ms)[0m  [1mSELECT "raw_vegs".* FROM "raw_vegs" INNER JOIN "dishes_raw_vegs" ON "raw_vegs"."id" = "dishes_raw_vegs"."raw_veg_id" WHERE "dishes_raw_vegs"."dish_id" = ?[0m  [["dish_id", 5]]
  Rendered data/answer.json.jbuilder (0.5ms)
Completed 200 OK in 35ms (Views: 6.1ms | ActiveRecord: 1.6ms)


Started POST "/data/data" for 127.0.0.1 at 2017-03-26 23:54:56 +0530
Processing by DataController#data as */*
  Parameters: {"vegs"=>{"0"=>"potato", "1"=>"cauliflower"}}
  [1m[35mRawVeg Load (0.2ms)[0m  SELECT  "raw_vegs".* FROM "raw_vegs" WHERE "raw_vegs"."name" = ?  ORDER BY "raw_vegs"."id" ASC LIMIT 1  [["name", "potato"]]
  [1m[36mDish Load (0.2ms)[0m  [1mSELECT "dishes".* FROM "dishes" INNER JOIN "dishes_raw_vegs" ON "dishes"."id" = "dishes_raw_vegs"."dish_id" WHERE "dishes_raw_vegs"."raw_veg_id" = ?[0m  [["raw_veg_id", 11]]
  [1m[35mRawVeg Load (0.2ms)[0m  SELECT "raw_vegs".* FROM "raw_vegs" INNER JOIN "dishes_raw_vegs" ON "raw_vegs"."id" = "dishes_raw_vegs"."raw_veg_id" WHERE "dishes_raw_vegs"."dish_id" = ?  [["dish_id", 5]]
  [1m[36mRawVeg Load (0.1ms)[0m  [1mSELECT  "raw_vegs".* FROM "raw_vegs" WHERE "raw_vegs"."name" = ?  ORDER BY "raw_vegs"."id" ASC LIMIT 1[0m  [["name", "cauliflower"]]
  [1m[35mDish Load (0.1ms)[0m  SELECT "dishes".* FROM "dishes" INNER JOIN "dishes_raw_vegs" ON "dishes"."id" = "dishes_raw_vegs"."dish_id" WHERE "dishes_raw_vegs"."raw_veg_id" = ?  [["raw_veg_id", 12]]
  [1m[36mCACHE (0.0ms)[0m  [1mSELECT "raw_vegs".* FROM "raw_vegs" INNER JOIN "dishes_raw_vegs" ON "raw_vegs"."id" = "dishes_raw_vegs"."raw_veg_id" WHERE "dishes_raw_vegs"."dish_id" = ?[0m  [["dish_id", 5]]
  Rendered data/answer.json.jbuilder (0.6ms)
Completed 200 OK in 47ms (Views: 7.7ms | ActiveRecord: 1.6ms)


Started POST "/data/data" for 127.0.0.1 at 2017-03-26 23:55:36 +0530
Processing by DataController#data as */*
  Parameters: {"vegs"=>{"0"=>"potato", "1"=>"cauliflower"}}
  [1m[35mRawVeg Load (0.2ms)[0m  SELECT  "raw_vegs".* FROM "raw_vegs" WHERE "raw_vegs"."name" = ?  ORDER BY "raw_vegs"."id" ASC LIMIT 1  [["name", "potato"]]
  [1m[36mDish Load (0.3ms)[0m  [1mSELECT "dishes".* FROM "dishes" INNER JOIN "dishes_raw_vegs" ON "dishes"."id" = "dishes_raw_vegs"."dish_id" WHERE "dishes_raw_vegs"."raw_veg_id" = ?[0m  [["raw_veg_id", 11]]
  [1m[35mRawVeg Load (0.2ms)[0m  SELECT "raw_vegs".* FROM "raw_vegs" INNER JOIN "dishes_raw_vegs" ON "raw_vegs"."id" = "dishes_raw_vegs"."raw_veg_id" WHERE "dishes_raw_vegs"."dish_id" = ?  [["dish_id", 5]]
  [1m[36mRawVeg Load (0.1ms)[0m  [1mSELECT  "raw_vegs".* FROM "raw_vegs" WHERE "raw_vegs"."name" = ?  ORDER BY "raw_vegs"."id" ASC LIMIT 1[0m  [["name", "cauliflower"]]
  [1m[35mDish Load (0.1ms)[0m  SELECT "dishes".* FROM "dishes" INNER JOIN "dishes_raw_vegs" ON "dishes"."id" = "dishes_raw_vegs"."dish_id" WHERE "dishes_raw_vegs"."raw_veg_id" = ?  [["raw_veg_id", 12]]
  Rendered data/answer.json.jbuilder (0.4ms)
Completed 200 OK in 45ms (Views: 5.9ms | ActiveRecord: 1.6ms)


Started POST "/data/data" for 127.0.0.1 at 2017-03-26 23:59:26 +0530
Processing by DataController#data as */*
  Parameters: {"vegs"=>{"0"=>"potato", "1"=>"cauliflower"}}
  [1m[36mRawVeg Load (0.2ms)[0m  [1mSELECT  "raw_vegs".* FROM "raw_vegs" WHERE "raw_vegs"."name" = ?  ORDER BY "raw_vegs"."id" ASC LIMIT 1[0m  [["name", "potato"]]
  [1m[35mDish Load (0.2ms)[0m  SELECT "dishes".* FROM "dishes" INNER JOIN "dishes_raw_vegs" ON "dishes"."id" = "dishes_raw_vegs"."dish_id" WHERE "dishes_raw_vegs"."raw_veg_id" = ?  [["raw_veg_id", 11]]
  [1m[36mRawVeg Load (0.2ms)[0m  [1mSELECT "raw_vegs".* FROM "raw_vegs" INNER JOIN "dishes_raw_vegs" ON "raw_vegs"."id" = "dishes_raw_vegs"."raw_veg_id" WHERE "dishes_raw_vegs"."dish_id" = ?[0m  [["dish_id", 5]]
  [1m[35mRawVeg Load (0.1ms)[0m  SELECT  "raw_vegs".* FROM "raw_vegs" WHERE "raw_vegs"."name" = ?  ORDER BY "raw_vegs"."id" ASC LIMIT 1  [["name", "cauliflower"]]
  [1m[36mDish Load (0.1ms)[0m  [1mSELECT "dishes".* FROM "dishes" INNER JOIN "dishes_raw_vegs" ON "dishes"."id" = "dishes_raw_vegs"."dish_id" WHERE "dishes_raw_vegs"."raw_veg_id" = ?[0m  [["raw_veg_id", 12]]
  Rendered data/answer.json.jbuilder (0.2ms)
Completed 200 OK in 43ms (Views: 6.0ms | ActiveRecord: 1.8ms)
